
> fibreflow-react@1.0.0 build
> vite build

[36mvite v4.5.14 [32mbuilding for production...[36m[39m
transforming...
[32m✓[39m 4163 modules transformed.
rendering chunks...
[2mdist/[22m[32mregisterSW.js                                [39m[1m[2m  0.13 kB[22m[1m[22m
[2mdist/[22m[32mmanifest.webmanifest                         [39m[1m[2m  0.43 kB[22m[1m[22m
[2mdist/[22m[32mindex.html                                   [39m[1m[2m  0.87 kB[22m[1m[22m
[2mdist/[22m[35massets/css/index-6fc73d22.css                [39m[1m[2m133.15 kB[22m[1m[22m
[2mdist/[22m[36massets/js/xlsx-4ed993c7.js                   [39m[1m[2m  0.04 kB[22m[1m[22m[2m │ map: 0.10 kB[22m
[2mdist/[22m[36massets/js/pages-4ed993c7.js                  [39m[1m[2m  0.04 kB[22m[1m[22m[2m │ map: 0.10 kB[22m
[2mdist/[22m[36massets/js/charts-4ed993c7.js                 [39m[1m[2m  0.05 kB[22m[1m[22m[2m │ map: 0.10 kB[22m
[2mdist/[22m[36massets/js/ui-libs-4ed993c7.js                [39m[1m[2m  0.05 kB[22m[1m[22m[2m │ map: 0.10 kB[22m
[2mdist/[22m[36massets/js/contexts-4ed993c7.js               [39m[1m[2m  0.05 kB[22m[1m[22m[2m │ map: 0.10 kB[22m
[2mdist/[22m[36massets/js/utilities-4ed993c7.js              [39m[1m[2m  0.05 kB[22m[1m[22m[2m │ map: 0.10 kB[22m
[2mdist/[22m[36massets/js/app-utils-4ed993c7.js              [39m[1m[2m  0.05 kB[22m[1m[22m[2m │ map: 0.10 kB[22m
[2mdist/[22m[36massets/js/module-sow-4ed993c7.js             [39m[1m[2m  0.05 kB[22m[1m[22m[2m │ map: 0.10 kB[22m
[2mdist/[22m[36massets/js/react-core-4ed993c7.js             [39m[1m[2m  0.05 kB[22m[1m[22m[2m │ map: 0.10 kB[22m
[2mdist/[22m[36massets/js/csv-parser-4ed993c7.js             [39m[1m[2m  0.05 kB[22m[1m[22m[2m │ map: 0.10 kB[22m
[2mdist/[22m[36massets/js/module-admin-4ed993c7.js           [39m[1m[2m  0.05 kB[22m[1m[22m[2m │ map: 0.11 kB[22m
[2mdist/[22m[36massets/js/module-field-4ed993c7.js           [39m[1m[2m  0.05 kB[22m[1m[22m[2m │ map: 0.11 kB[22m
[2mdist/[22m[36massets/js/module-staff-4ed993c7.js           [39m[1m[2m  0.05 kB[22m[1m[22m[2m │ map: 0.11 kB[22m
[2mdist/[22m[36massets/js/database-orm-4ed993c7.js           [39m[1m[2m  0.05 kB[22m[1m[22m[2m │ map: 0.11 kB[22m
[2mdist/[22m[36massets/js/services-core-4ed993c7.js          [39m[1m[2m  0.05 kB[22m[1m[22m[2m │ map: 0.11 kB[22m
[2mdist/[22m[36massets/js/services-misc-4ed993c7.js          [39m[1m[2m  0.05 kB[22m[1m[22m[2m │ map: 0.11 kB[22m
[2mdist/[22m[36massets/js/firebase-core-4ed993c7.js          [39m[1m[2m  0.05 kB[22m[1m[22m[2m │ map: 0.11 kB[22m
[2mdist/[22m[36massets/js/components-ui-4ed993c7.js          [39m[1m[2m  0.05 kB[22m[1m[22m[2m │ map: 0.11 kB[22m
[2mdist/[22m[36massets/js/firebase-auth-4ed993c7.js          [39m[1m[2m  0.05 kB[22m[1m[22m[2m │ map: 0.11 kB[22m
[2mdist/[22m[36massets/js/module-clients-4ed993c7.js         [39m[1m[2m  0.05 kB[22m[1m[22m[2m │ map: 0.11 kB[22m
[2mdist/[22m[36massets/js/services-staff-4ed993c7.js         [39m[1m[2m  0.05 kB[22m[1m[22m[2m │ map: 0.11 kB[22m
[2mdist/[22m[36massets/js/firebase-other-4ed993c7.js         [39m[1m[2m  0.05 kB[22m[1m[22m[2m │ map: 0.11 kB[22m
[2mdist/[22m[36massets/js/services-import-4ed993c7.js        [39m[1m[2m  0.05 kB[22m[1m[22m[2m │ map: 0.11 kB[22m
[2mdist/[22m[36massets/js/module-projects-4ed993c7.js        [39m[1m[2m  0.05 kB[22m[1m[22m[2m │ map: 0.11 kB[22m
[2mdist/[22m[36massets/js/module-workflow-4ed993c7.js        [39m[1m[2m  0.05 kB[22m[1m[22m[2m │ map: 0.11 kB[22m
[2mdist/[22m[36massets/js/components-core-4ed993c7.js        [39m[1m[2m  0.05 kB[22m[1m[22m[2m │ map: 0.11 kB[22m
[2mdist/[22m[36massets/js/database-driver-4ed993c7.js        [39m[1m[2m  0.05 kB[22m[1m[22m[2m │ map: 0.11 kB[22m
[2mdist/[22m[36massets/js/state-management-4ed993c7.js       [39m[1m[2m  0.06 kB[22m[1m[22m[2m │ map: 0.11 kB[22m
[2mdist/[22m[36massets/js/module-suppliers-4ed993c7.js       [39m[1m[2m  0.06 kB[22m[1m[22m[2m │ map: 0.11 kB[22m
[2mdist/[22m[36massets/js/firebase-storage-4ed993c7.js       [39m[1m[2m  0.06 kB[22m[1m[22m[2m │ map: 0.11 kB[22m
[2mdist/[22m[36massets/js/module-analytics-4ed993c7.js       [39m[1m[2m  0.06 kB[22m[1m[22m[2m │ map: 0.11 kB[22m
[2mdist/[22m[36massets/js/services-clients-4ed993c7.js       [39m[1m[2m  0.06 kB[22m[1m[22m[2m │ map: 0.11 kB[22m
[2mdist/[22m[36massets/js/services-projects-4ed993c7.js      [39m[1m[2m  0.06 kB[22m[1m[22m[2m │ map: 0.11 kB[22m
[2mdist/[22m[36massets/js/module-contractors-4ed993c7.js     [39m[1m[2m  0.06 kB[22m[1m[22m[2m │ map: 0.11 kB[22m
[2mdist/[22m[36massets/js/services-analytics-4ed993c7.js     [39m[1m[2m  0.06 kB[22m[1m[22m[2m │ map: 0.11 kB[22m
[2mdist/[22m[36massets/js/module-procurement-4ed993c7.js     [39m[1m[2m  0.06 kB[22m[1m[22m[2m │ map: 0.11 kB[22m
[2mdist/[22m[36massets/js/firebase-firestore-4ed993c7.js     [39m[1m[2m  0.06 kB[22m[1m[22m[2m │ map: 0.11 kB[22m
[2mdist/[22m[36massets/js/components-features-4ed993c7.js    [39m[1m[2m  0.06 kB[22m[1m[22m[2m │ map: 0.11 kB[22m
[2mdist/[22m[36massets/js/services-procurement-4ed993c7.js   [39m[1m[2m  0.06 kB[22m[1m[22m[2m │ map: 0.11 kB[22m
[2mdist/[22m[36massets/js/services-contractors-4ed993c7.js   [39m[1m[2m  0.06 kB[22m[1m[22m[2m │ map: 0.11 kB[22m
[2mdist/[22m[36massets/js/module-communications-4ed993c7.js  [39m[1m[2m  0.06 kB[22m[1m[22m[2m │ map: 0.11 kB[22m
[2mdist/[22m[36massets/js/index-4105b4d3.js                  [39m[1m[2m  0.75 kB[22m[1m[22m[2m │ map: 0.10 kB[22m

PWA v1.0.3
mode      generateSW
precache  51 entries (155.72 KiB)
files generated
  dist/sw.js.map
  dist/sw.js
  dist/workbox-b833909e.js.map
  dist/workbox-b833909e.js
[32m✓ built in 22.59s[39m
