
> fibreflow-react@1.0.0 build
> vite build

[36mvite v4.5.14 [32mbuilding for production...[36m[39m
transforming...
src/services/suppliers/status/types.ts (6:25) "Supplier" is not exported by "src/types/supplier.types.ts", imported by "src/services/suppliers/status/types.ts".
[32m✓[39m 3405 modules transformed.
rendering chunks...
[1m[33m[plugin:vite:reporter][39m[22m [33m
(!) C:/Jarvis/AI Workspace/FibreFlow_React/src/services/sow/summaryService.ts is dynamically imported by C:/Jarvis/AI Workspace/FibreFlow_React/src/services/neonSOWService.ts but also statically imported by C:/Jarvis/AI Workspace/FibreFlow_React/src/services/sow/dataOperations.ts, dynamic import will not move module into another chunk.
[39m
computing gzip size...
[2mdist/[22m[32mregisterSW.js                                  [39m[1m[2m  0.13 kB[22m[1m[22m
[2mdist/[22m[32mmanifest.webmanifest                           [39m[1m[2m  0.43 kB[22m[1m[22m
[2mdist/[22m[32mindex.html                                     [39m[1m[2m  0.93 kB[22m[1m[22m[2m │ gzip:   0.45 kB[22m
[2mdist/[22m[35massets/index-d50dd14d.css                      [39m[1m[2m 74.71 kB[22m[1m[22m[2m │ gzip:  13.01 kB[22m
[2mdist/[22m[36massets/loader-2-3a1a5fa1.js                    [39m[1m[2m  0.18 kB[22m[1m[22m[2m │ gzip:   0.18 kB[22m[2m │ map:     0.60 kB[22m
[2mdist/[22m[36massets/x-ba25c7f8.js                           [39m[1m[2m  0.19 kB[22m[1m[22m[2m │ gzip:   0.18 kB[22m[2m │ map:     0.64 kB[22m
[2mdist/[22m[36massets/plus-2f7f0287.js                        [39m[1m[2m  0.19 kB[22m[1m[22m[2m │ gzip:   0.18 kB[22m[2m │ map:     0.66 kB[22m
[2mdist/[22m[36massets/filter-cbee5437.js                      [39m[1m[2m  0.20 kB[22m[1m[22m[2m │ gzip:   0.19 kB[22m[2m │ map:     0.63 kB[22m
[2mdist/[22m[36massets/arrow-left-1f53255e.js                  [39m[1m[2m  0.21 kB[22m[1m[22m[2m │ gzip:   0.20 kB[22m[2m │ map:     0.70 kB[22m
[2mdist/[22m[36massets/arrow-right-fec854fc.js                 [39m[1m[2m  0.21 kB[22m[1m[22m[2m │ gzip:   0.19 kB[22m[2m │ map:     0.71 kB[22m
[2mdist/[22m[36massets/clock-0649cebf.js                       [39m[1m[2m  0.22 kB[22m[1m[22m[2m │ gzip:   0.20 kB[22m[2m │ map:     0.72 kB[22m
[2mdist/[22m[36massets/award-e69290f9.js                       [39m[1m[2m  0.23 kB[22m[1m[22m[2m │ gzip:   0.22 kB[22m[2m │ map:     0.73 kB[22m
[2mdist/[22m[36massets/eye-4b5fa94e.js                         [39m[1m[2m  0.23 kB[22m[1m[22m[2m │ gzip:   0.21 kB[22m[2m │ map:     0.74 kB[22m
[2mdist/[22m[36massets/video-77a5f918.js                       [39m[1m[2m  0.24 kB[22m[1m[22m[2m │ gzip:   0.22 kB[22m[2m │ map:     0.85 kB[22m
[2mdist/[22m[36massets/pie-chart-835bc0d4.js                   [39m[1m[2m  0.24 kB[22m[1m[22m[2m │ gzip:   0.21 kB[22m[2m │ map:     0.73 kB[22m
[2mdist/[22m[36massets/star-6bb86b6b.js                        [39m[1m[2m  0.25 kB[22m[1m[22m[2m │ gzip:   0.22 kB[22m[2m │ map:     0.69 kB[22m
[2mdist/[22m[36massets/target-9397d37e.js                      [39m[1m[2m  0.26 kB[22m[1m[22m[2m │ gzip:   0.19 kB[22m[2m │ map:     0.87 kB[22m
[2mdist/[22m[36massets/dollar-sign-76ec0346.js                 [39m[1m[2m  0.26 kB[22m[1m[22m[2m │ gzip:   0.23 kB[22m[2m │ map:     0.82 kB[22m
[2mdist/[22m[36massets/more-vertical-04afebb2.js               [39m[1m[2m  0.27 kB[22m[1m[22m[2m │ gzip:   0.20 kB[22m[2m │ map:     0.92 kB[22m
[2mdist/[22m[36massets/database-3527bbbd.js                    [39m[1m[2m  0.29 kB[22m[1m[22m[2m │ gzip:   0.23 kB[22m[2m │ map:     0.88 kB[22m
[2mdist/[22m[36massets/pen-square-df0cdc25.js                  [39m[1m[2m  0.29 kB[22m[1m[22m[2m │ gzip:   0.24 kB[22m[2m │ map:     0.83 kB[22m
[2mdist/[22m[36massets/alert-circle-863012b1.js                [39m[1m[2m  0.30 kB[22m[1m[22m[2m │ gzip:   0.22 kB[22m[2m │ map:     0.97 kB[22m
[2mdist/[22m[36massets/upload-88b05f0c.js                      [39m[1m[2m  0.30 kB[22m[1m[22m[2m │ gzip:   0.25 kB[22m[2m │ map:     0.88 kB[22m
[2mdist/[22m[36massets/download-5f6a146e.js                    [39m[1m[2m  0.31 kB[22m[1m[22m[2m │ gzip:   0.25 kB[22m[2m │ map:     0.90 kB[22m
[2mdist/[22m[36massets/save-a3484fd5.js                        [39m[1m[2m  0.32 kB[22m[1m[22m[2m │ gzip:   0.25 kB[22m[2m │ map:     0.88 kB[22m
[2mdist/[22m[36massets/wifi-2e971341.js                        [39m[1m[2m  0.33 kB[22m[1m[22m[2m │ gzip:   0.25 kB[22m[2m │ map:     0.97 kB[22m
[2mdist/[22m[36massets/grid-3x3-f40743a7.js                    [39m[1m[2m  0.34 kB[22m[1m[22m[2m │ gzip:   0.25 kB[22m[2m │ map:     1.08 kB[22m
[2mdist/[22m[36massets/calendar-5da42c8f.js                    [39m[1m[2m  0.36 kB[22m[1m[22m[2m │ gzip:   0.25 kB[22m[2m │ map:     1.23 kB[22m
[2mdist/[22m[36massets/trash-2-764030e3.js                     [39m[1m[2m  0.40 kB[22m[1m[22m[2m │ gzip:   0.28 kB[22m[2m │ map:     1.15 kB[22m
[2mdist/[22m[36massets/package-44db0806.js                     [39m[1m[2m  0.40 kB[22m[1m[22m[2m │ gzip:   0.28 kB[22m[2m │ map:     1.04 kB[22m
[2mdist/[22m[36massets/phone-66811769.js                       [39m[1m[2m  0.43 kB[22m[1m[22m[2m │ gzip:   0.28 kB[22m[2m │ map:     0.88 kB[22m
[2mdist/[22m[36massets/file-spreadsheet-d8fb6ebd.js            [39m[1m[2m  0.44 kB[22m[1m[22m[2m │ gzip:   0.29 kB[22m[2m │ map:     1.25 kB[22m
[2mdist/[22m[36massets/building-2-7b42c2a4.js                  [39m[1m[2m  0.48 kB[22m[1m[22m[2m │ gzip:   0.28 kB[22m[2m │ map:     1.29 kB[22m
[2mdist/[22m[36massets/supplier.crud-57d00cce.js               [39m[1m[2m  0.49 kB[22m[1m[22m[2m │ gzip:   0.30 kB[22m[2m │ map:     0.11 kB[22m
[2mdist/[22m[36massets/index-03c8da60.js                       [39m[1m[2m  0.54 kB[22m[1m[22m[2m │ gzip:   0.25 kB[22m[2m │ map:     1.20 kB[22m
[2mdist/[22m[36massets/ClientEditPage-85c93a71.js              [39m[1m[2m  0.54 kB[22m[1m[22m[2m │ gzip:   0.33 kB[22m[2m │ map:     0.50 kB[22m
[2mdist/[22m[36massets/index-d926dd47.js                       [39m[1m[2m  0.54 kB[22m[1m[22m[2m │ gzip:   0.26 kB[22m[2m │ map:     1.22 kB[22m
[2mdist/[22m[36massets/ClientCreatePage-c79a8fa0.js            [39m[1m[2m  0.54 kB[22m[1m[22m[2m │ gzip:   0.34 kB[22m[2m │ map:     0.50 kB[22m
[2mdist/[22m[36massets/index-77908b79.js                       [39m[1m[2m  0.56 kB[22m[1m[22m[2m │ gzip:   0.26 kB[22m[2m │ map:     1.24 kB[22m
[2mdist/[22m[36massets/building-c9bbada7.js                    [39m[1m[2m  0.59 kB[22m[1m[22m[2m │ gzip:   0.30 kB[22m[2m │ map:     1.77 kB[22m
[2mdist/[22m[36massets/StaffEditPage-fc2c37df.js               [39m[1m[2m  0.61 kB[22m[1m[22m[2m │ gzip:   0.35 kB[22m[2m │ map:     0.50 kB[22m
[2mdist/[22m[36massets/StaffCreatePage-536653fd.js             [39m[1m[2m  0.61 kB[22m[1m[22m[2m │ gzip:   0.36 kB[22m[2m │ map:     0.50 kB[22m
[2mdist/[22m[36massets/index-2fac75b5.js                       [39m[1m[2m  0.65 kB[22m[1m[22m[2m │ gzip:   0.28 kB[22m[2m │ map:     1.42 kB[22m
[2mdist/[22m[36massets/index-6a5c8bfe.js                       [39m[1m[2m  0.66 kB[22m[1m[22m[2m │ gzip:   0.25 kB[22m[2m │ map:     1.45 kB[22m
[2mdist/[22m[36massets/staffNeonService-2b3aa039.js            [39m[1m[2m  0.72 kB[22m[1m[22m[2m │ gzip:   0.41 kB[22m[2m │ map:     0.11 kB[22m
[2mdist/[22m[36massets/queries-dd4260f4.js                     [39m[1m[2m  0.77 kB[22m[1m[22m[2m │ gzip:   0.39 kB[22m[2m │ map:     3.72 kB[22m
[2mdist/[22m[36massets/enums-1d7a13f1.js                       [39m[1m[2m  0.78 kB[22m[1m[22m[2m │ gzip:   0.52 kB[22m[2m │ map:     2.00 kB[22m
[2mdist/[22m[36massets/index-6f040c7c.js                       [39m[1m[2m  0.86 kB[22m[1m[22m[2m │ gzip:   0.31 kB[22m[2m │ map:     1.92 kB[22m
[2mdist/[22m[36massets/enums-df39a907.js                       [39m[1m[2m  1.13 kB[22m[1m[22m[2m │ gzip:   0.69 kB[22m[2m │ map:     3.44 kB[22m
[2mdist/[22m[36massets/mutations-0d8388aa.js                   [39m[1m[2m  1.19 kB[22m[1m[22m[2m │ gzip:   0.41 kB[22m[2m │ map:     5.51 kB[22m
[2mdist/[22m[36massets/Button-60b4fea1.js                      [39m[1m[2m  1.52 kB[22m[1m[22m[2m │ gzip:   0.83 kB[22m[2m │ map:     3.55 kB[22m
[2mdist/[22m[36massets/DashboardHeader-d05c4e93.js             [39m[1m[2m  1.61 kB[22m[1m[22m[2m │ gzip:   0.72 kB[22m[2m │ map:     5.02 kB[22m
[2mdist/[22m[36massets/useClients-1b285372.js                  [39m[1m[2m  1.95 kB[22m[1m[22m[2m │ gzip:   0.76 kB[22m[2m │ map:     9.80 kB[22m
[2mdist/[22m[36massets/parser-800da22c.js                      [39m[1m[2m  2.25 kB[22m[1m[22m[2m │ gzip:   1.15 kB[22m[2m │ map:     6.56 kB[22m
[2mdist/[22m[36massets/SOWDashboard-3d12a0df.js                [39m[1m[2m  2.46 kB[22m[1m[22m[2m │ gzip:   0.95 kB[22m[2m │ map:     4.74 kB[22m
[2mdist/[22m[36massets/parser-1be4fe8e.js                      [39m[1m[2m  2.73 kB[22m[1m[22m[2m │ gzip:   1.34 kB[22m[2m │ map:     9.23 kB[22m
[2mdist/[22m[36massets/processor-221b3232.js                   [39m[1m[2m  2.88 kB[22m[1m[22m[2m │ gzip:   1.31 kB[22m[2m │ map:    12.08 kB[22m
[2mdist/[22m[36massets/staff-hierarchy.types-d16de48a.js       [39m[1m[2m  2.93 kB[22m[1m[22m[2m │ gzip:   1.21 kB[22m[2m │ map:     8.62 kB[22m
[2mdist/[22m[36massets/KPIDashboard-77149196.js                [39m[1m[2m  3.17 kB[22m[1m[22m[2m │ gzip:   1.06 kB[22m[2m │ map:     5.90 kB[22m
[2mdist/[22m[36massets/DailyProgressDashboard-53432311.js      [39m[1m[2m  3.26 kB[22m[1m[22m[2m │ gzip:   1.15 kB[22m[2m │ map:     6.57 kB[22m
[2mdist/[22m[36massets/OneMapDashboard-79abed76.js             [39m[1m[2m  3.29 kB[22m[1m[22m[2m │ gzip:   1.13 kB[22m[2m │ map:     6.95 kB[22m
[2mdist/[22m[36massets/TasksDashboard-a930c88b.js              [39m[1m[2m  3.46 kB[22m[1m[22m[2m │ gzip:   1.30 kB[22m[2m │ map:     7.21 kB[22m
[2mdist/[22m[36massets/NokiaEquipmentDashboard-0e630afe.js     [39m[1m[2m  3.71 kB[22m[1m[22m[2m │ gzip:   1.26 kB[22m[2m │ map:     7.63 kB[22m
[2mdist/[22m[36massets/ActionItemsDashboard-73eb0d33.js        [39m[1m[2m  3.94 kB[22m[1m[22m[2m │ gzip:   1.09 kB[22m[2m │ map:     7.63 kB[22m
[2mdist/[22m[36massets/EnhancedKPIDashboard-27bc6f03.js        [39m[1m[2m  4.12 kB[22m[1m[22m[2m │ gzip:   1.51 kB[22m[2m │ map:     9.00 kB[22m
[2mdist/[22m[36massets/VFThemeTest-98a240af.js                 [39m[1m[2m  4.47 kB[22m[1m[22m[2m │ gzip:   1.20 kB[22m[2m │ map:     9.63 kB[22m
[2mdist/[22m[36massets/ContractorCreate-fb1d6e9e.js            [39m[1m[2m  4.52 kB[22m[1m[22m[2m │ gzip:   1.74 kB[22m[2m │ map:    11.12 kB[22m
[2mdist/[22m[36massets/ReportsDashboard-0d21a663.js            [39m[1m[2m  4.62 kB[22m[1m[22m[2m │ gzip:   1.58 kB[22m[2m │ map:     9.78 kB[22m
[2mdist/[22m[36massets/staffService-c5f44bd6.js                [39m[1m[2m  4.95 kB[22m[1m[22m[2m │ gzip:   1.89 kB[22m[2m │ map:    12.49 kB[22m
[2mdist/[22m[36massets/Settings-0d6cba61.js                    [39m[1m[2m  4.98 kB[22m[1m[22m[2m │ gzip:   1.73 kB[22m[2m │ map:    11.82 kB[22m
[2mdist/[22m[36massets/PoleTrackerDashboard-da7d51ea.js        [39m[1m[2m  5.63 kB[22m[1m[22m[2m │ gzip:   2.06 kB[22m[2m │ map:    14.36 kB[22m
[2mdist/[22m[36massets/HomeInstallsDashboard-e4b530e2.js       [39m[1m[2m  6.00 kB[22m[1m[22m[2m │ gzip:   1.92 kB[22m[2m │ map:    12.98 kB[22m
[2mdist/[22m[36massets/ContractorsDashboard-ff129959.js        [39m[1m[2m  6.32 kB[22m[1m[22m[2m │ gzip:   2.15 kB[22m[2m │ map:    16.08 kB[22m
[2mdist/[22m[36massets/ProcurementErrorBoundary-235d27ba.js    [39m[1m[2m  6.81 kB[22m[1m[22m[2m │ gzip:   2.27 kB[22m[2m │ map:    18.54 kB[22m
[2mdist/[22m[36massets/ProcurementDashboard-0068b7dd.js        [39m[1m[2m  6.86 kB[22m[1m[22m[2m │ gzip:   2.16 kB[22m[2m │ map:    18.65 kB[22m
[2mdist/[22m[36massets/ContractorEdit-4b9245ba.js              [39m[1m[2m  7.32 kB[22m[1m[22m[2m │ gzip:   2.45 kB[22m[2m │ map:    21.83 kB[22m
[2mdist/[22m[36massets/StandardDataTable-13c540ed.js           [39m[1m[2m  8.11 kB[22m[1m[22m[2m │ gzip:   2.67 kB[22m[2m │ map:    26.87 kB[22m
[2mdist/[22m[36massets/PoleCaptureMobile-1fc8ac3b.js           [39m[1m[2m  8.55 kB[22m[1m[22m[2m │ gzip:   2.98 kB[22m[2m │ map:    33.91 kB[22m
[2mdist/[22m[36massets/ProcurementLayout-a24559a4.js           [39m[1m[2m  8.59 kB[22m[1m[22m[2m │ gzip:   2.30 kB[22m[2m │ map:    22.07 kB[22m
[2mdist/[22m[36massets/index-346e8980.js                       [39m[1m[2m  8.68 kB[22m[1m[22m[2m │ gzip:   3.29 kB[22m[2m │ map:    31.13 kB[22m
[2mdist/[22m[36massets/StaffDetailPage-9c645af5.js             [39m[1m[2m  8.83 kB[22m[1m[22m[2m │ gzip:   2.14 kB[22m[2m │ map:    19.31 kB[22m
[2mdist/[22m[36massets/HomeInstallationsDashboard-577d89d5.js  [39m[1m[2m  9.70 kB[22m[1m[22m[2m │ gzip:   2.60 kB[22m[2m │ map:    25.53 kB[22m
[2mdist/[22m[36massets/DropsManagement-005ff01c.js             [39m[1m[2m  9.76 kB[22m[1m[22m[2m │ gzip:   2.54 kB[22m[2m │ map:    23.67 kB[22m
[2mdist/[22m[36massets/index-6457a385.js                       [39m[1m[2m  9.82 kB[22m[1m[22m[2m │ gzip:   2.92 kB[22m[2m │ map:    28.21 kB[22m
[2mdist/[22m[36massets/StaffImport-c20074a3.js                 [39m[1m[2m  9.86 kB[22m[1m[22m[2m │ gzip:   3.12 kB[22m[2m │ map:    25.95 kB[22m
[2mdist/[22m[36massets/FiberStringingDashboard-cf5e7d3f.js     [39m[1m[2m  9.96 kB[22m[1m[22m[2m │ gzip:   2.55 kB[22m[2m │ map:    25.00 kB[22m
[2mdist/[22m[36massets/SOWManagement-e85d9cb5.js               [39m[1m[2m 10.39 kB[22m[1m[22m[2m │ gzip:   2.83 kB[22m[2m │ map:    23.15 kB[22m
[2mdist/[22m[36massets/index-03f57201.js                       [39m[1m[2m 11.23 kB[22m[1m[22m[2m │ gzip:   2.51 kB[22m[2m │ map:    23.70 kB[22m
[2mdist/[22m[36massets/StaffSettings-54a1fde9.js               [39m[1m[2m 11.34 kB[22m[1m[22m[2m │ gzip:   3.30 kB[22m[2m │ map:    30.78 kB[22m
[2mdist/[22m[36massets/Projects-433051be.js                    [39m[1m[2m 12.80 kB[22m[1m[22m[2m │ gzip:   3.68 kB[22m[2m │ map:    36.45 kB[22m
[2mdist/[22m[36massets/SOWListPage-92bb9e5a.js                 [39m[1m[2m 12.86 kB[22m[1m[22m[2m │ gzip:   3.44 kB[22m[2m │ map:    32.24 kB[22m
[2mdist/[22m[36massets/StatusSection-0a43c459.js               [39m[1m[2m 13.26 kB[22m[1m[22m[2m │ gzip:   1.88 kB[22m[2m │ map:    26.88 kB[22m
[2mdist/[22m[36massets/HomeInstallsList-ebb83aa9.js            [39m[1m[2m 13.48 kB[22m[1m[22m[2m │ gzip:   3.73 kB[22m[2m │ map:    34.15 kB[22m
[2mdist/[22m[36massets/CommunicationsDashboard-b3f22fe3.js     [39m[1m[2m 13.54 kB[22m[1m[22m[2m │ gzip:   3.04 kB[22m[2m │ map:    33.87 kB[22m
[2mdist/[22m[36massets/MeetingsDashboard-143ff0e5.js           [39m[1m[2m 15.48 kB[22m[1m[22m[2m │ gzip:   3.78 kB[22m[2m │ map:    39.91 kB[22m
[2mdist/[22m[36massets/StaffForm-7f7e1436.js                   [39m[1m[2m 15.93 kB[22m[1m[22m[2m │ gzip:   3.29 kB[22m[2m │ map:    40.89 kB[22m
[2mdist/[22m[36massets/UnifiedTrackerGrid-3bee0e20.js          [39m[1m[2m 16.10 kB[22m[1m[22m[2m │ gzip:   3.94 kB[22m[2m │ map:    43.40 kB[22m
[2mdist/[22m[36massets/clientService-31a6c125.js               [39m[1m[2m 16.15 kB[22m[1m[22m[2m │ gzip:   4.80 kB[22m[2m │ map:    42.96 kB[22m
[2mdist/[22m[36massets/ClientDetailPage-d5045207.js            [39m[1m[2m 16.29 kB[22m[1m[22m[2m │ gzip:   3.49 kB[22m[2m │ map:    37.41 kB[22m
[2mdist/[22m[36massets/ClientForm-45494b5a.js                  [39m[1m[2m 16.31 kB[22m[1m[22m[2m │ gzip:   2.96 kB[22m[2m │ map:    38.17 kB[22m
[2mdist/[22m[36massets/PoleTrackerList-c444223d.js             [39m[1m[2m 19.24 kB[22m[1m[22m[2m │ gzip:   4.97 kB[22m[2m │ map:    62.58 kB[22m
[2mdist/[22m[36massets/StaffPage-1011b7ad.js                   [39m[1m[2m 20.37 kB[22m[1m[22m[2m │ gzip:   5.48 kB[22m[2m │ map:    51.06 kB[22m
[2mdist/[22m[36massets/ClientsPage-4ce6a7ce.js                 [39m[1m[2m 20.86 kB[22m[1m[22m[2m │ gzip:   5.24 kB[22m[2m │ map:    51.39 kB[22m
[2mdist/[22m[36massets/ProjectForm-cde18dda.js                 [39m[1m[2m 20.94 kB[22m[1m[22m[2m │ gzip:   5.36 kB[22m[2m │ map:    60.94 kB[22m
[2mdist/[22m[36massets/FieldAppPortal-15bda0f1.js              [39m[1m[2m 21.63 kB[22m[1m[22m[2m │ gzip:   5.53 kB[22m[2m │ map:    58.17 kB[22m
[2mdist/[22m[36massets/Dashboard-7dc08da6.js                   [39m[1m[2m 23.18 kB[22m[1m[22m[2m │ gzip:   6.13 kB[22m[2m │ map:    60.35 kB[22m
[2mdist/[22m[36massets/index-4481f08a.js                       [39m[1m[2m 24.01 kB[22m[1m[22m[2m │ gzip:   6.54 kB[22m[2m │ map:   128.87 kB[22m
[2mdist/[22m[36massets/useProjects-2dd7d1c5.js                 [39m[1m[2m 33.84 kB[22m[1m[22m[2m │ gzip:   8.10 kB[22m[2m │ map:   115.58 kB[22m
[2mdist/[22m[36massets/query-68f73a5f.js                       [39m[1m[2m 34.81 kB[22m[1m[22m[2m │ gzip:  10.57 kB[22m[2m │ map:   140.93 kB[22m
[2mdist/[22m[36massets/ProjectCreationWizard-4b1e96bc.js       [39m[1m[2m 45.62 kB[22m[1m[22m[2m │ gzip:  14.54 kB[22m[2m │ map:   214.31 kB[22m
[2mdist/[22m[36massets/contractorService-a793ecde.js           [39m[1m[2m 59.98 kB[22m[1m[22m[2m │ gzip:  14.62 kB[22m[2m │ map:   233.89 kB[22m
[2mdist/[22m[36massets/router-9e5f7bb7.js                      [39m[1m[2m 64.48 kB[22m[1m[22m[2m │ gzip:  22.02 kB[22m[2m │ map:   428.75 kB[22m
[2mdist/[22m[36massets/ProjectDetail-a9d4c83a.js               [39m[1m[2m 76.06 kB[22m[1m[22m[2m │ gzip:  19.38 kB[22m[2m │ map:   190.16 kB[22m
[2mdist/[22m[36massets/ContractorView-9dffb2dd.js              [39m[1m[2m102.28 kB[22m[1m[22m[2m │ gzip:  17.71 kB[22m[2m │ map:   268.77 kB[22m
[2mdist/[22m[36massets/connection-d78c6440.js                  [39m[1m[2m116.39 kB[22m[1m[22m[2m │ gzip:  28.25 kB[22m[2m │ map:   469.02 kB[22m
[2mdist/[22m[36massets/vendor-c9c1a421.js                      [39m[1m[2m141.50 kB[22m[1m[22m[2m │ gzip:  45.55 kB[22m[2m │ map:   344.55 kB[22m
[2mdist/[22m[36massets/SuppliersPage-7eda4de5.js               [39m[1m[2m144.76 kB[22m[1m[22m[2m │ gzip:  33.77 kB[22m[2m │ map:   514.90 kB[22m
[2mdist/[22m[36massets/AnalyticsDashboard-98807662.js          [39m[1m[2m377.23 kB[22m[1m[22m[2m │ gzip: 110.73 kB[22m[2m │ map: 1,816.07 kB[22m
[2mdist/[22m[36massets/xlsx-0bff4e18.js                        [39m[1m[2m424.93 kB[22m[1m[22m[2m │ gzip: 142.00 kB[22m[2m │ map: 1,666.45 kB[22m
[2mdist/[22m[36massets/index-da609819.js                       [39m[1m[33m896.86 kB[39m[22m[2m │ gzip: 230.49 kB[22m[2m │ map: 3,266.95 kB[22m
[33m
(!) Some chunks are larger than 500 kBs after minification. Consider:
- Using dynamic import() to code-split the application
- Use build.rollupOptions.output.manualChunks to improve chunking: https://rollupjs.org/configuration-options/#output-manualchunks
- Adjust chunk size limit for this warning via build.chunkSizeWarningLimit.[39m

PWA v1.0.3
mode      generateSW
precache  123 entries (3086.29 KiB)
files generated
  dist/sw.js.map
  dist/sw.js
  dist/workbox-b833909e.js.map
  dist/workbox-b833909e.js
[32m✓ built in 30.83s[39m
