
> fibreflow-react@1.0.0 build
> vite build

[36mvite v4.5.14 [32mbuilding for production...[36m[39m
transforming...
[32m✓[39m 3890 modules transformed.
rendering chunks...
[1m[33m[plugin:vite:reporter][39m[22m [33m
(!) C:/Jarvis/AI Workspace/FibreFlow_React/src/services/client/import/parser.ts is dynamically imported by C:/Jarvis/AI Workspace/FibreFlow_React/src/services/client/import/index.ts, C:/Jarvis/AI Workspace/FibreFlow_React/src/services/client/import/index.ts but also statically imported by C:/Jarvis/AI Workspace/FibreFlow_React/src/services/client/import/index.ts, C:/Jarvis/AI Workspace/FibreFlow_React/src/services/client/import/processor.ts, dynamic import will not move module into another chunk.
[39m
[1m[33m[plugin:vite:reporter][39m[22m [33m
(!) C:/Jarvis/AI Workspace/FibreFlow_React/src/services/client/import/processor.ts is dynamically imported by C:/Jarvis/AI Workspace/FibreFlow_React/src/services/client/import/index.ts, C:/Jarvis/AI Workspace/FibreFlow_React/src/services/client/import/index.ts but also statically imported by C:/Jarvis/AI Workspace/FibreFlow_React/src/services/client/import/index.ts, dynamic import will not move module into another chunk.
[39m
[1m[33m[plugin:vite:reporter][39m[22m [33m
(!) C:/Jarvis/AI Workspace/FibreFlow_React/src/services/staff/staffNeonService.ts is dynamically imported by C:/Jarvis/AI Workspace/FibreFlow_React/src/services/staff/import/managerResolver.ts but also statically imported by C:/Jarvis/AI Workspace/FibreFlow_React/src/services/staff/staffExportService.ts, C:/Jarvis/AI Workspace/FibreFlow_React/src/services/staffService.ts, dynamic import will not move module into another chunk.
[39m
[1m[33m[plugin:vite:reporter][39m[22m [33m
(!) C:/Jarvis/AI Workspace/FibreFlow_React/src/services/staffService.ts is dynamically imported by C:/Jarvis/AI Workspace/FibreFlow_React/src/modules/settings/components/HierarchyTab.tsx, C:/Jarvis/AI Workspace/FibreFlow_React/src/services/staff/import/rowProcessor.ts but also statically imported by C:/Jarvis/AI Workspace/FibreFlow_React/src/components/staff/StaffImport.tsx, C:/Jarvis/AI Workspace/FibreFlow_React/src/hooks/staff/mutations.ts, C:/Jarvis/AI Workspace/FibreFlow_React/src/hooks/staff/queries.ts, C:/Jarvis/AI Workspace/FibreFlow_React/src/modules/staff/components/StaffList.tsx, dynamic import will not move module into another chunk.
[39m
[1m[33m[plugin:vite:reporter][39m[22m [33m
(!) C:/Jarvis/AI Workspace/FibreFlow_React/src/services/suppliers/supplier.crud.ts is dynamically imported by C:/Jarvis/AI Workspace/FibreFlow_React/src/services/suppliers/compliance/auditService.ts, C:/Jarvis/AI Workspace/FibreFlow_React/src/services/suppliers/compliance/auditService.ts, C:/Jarvis/AI Workspace/FibreFlow_React/src/services/suppliers/compliance/auditService.ts, C:/Jarvis/AI Workspace/FibreFlow_React/src/services/suppliers/compliance/core.ts, C:/Jarvis/AI Workspace/FibreFlow_React/src/services/suppliers/compliance/core.ts, C:/Jarvis/AI Workspace/FibreFlow_React/src/services/suppliers/compliance/documentManager.ts, C:/Jarvis/AI Workspace/FibreFlow_React/src/services/suppliers/compliance/documentManager.ts, C:/Jarvis/AI Workspace/FibreFlow_React/src/services/suppliers/compliance/reporting/report-aggregator.ts, C:/Jarvis/AI Workspace/FibreFlow_React/src/services/suppliers/compliance/reporting/report-generator.ts, C:/Jarvis/AI Workspace/FibreFlow_React/src/services/suppliers/statistics/basicStats.ts, C:/Jarvis/AI Workspace/FibreFlow_React/src/services/suppliers/statistics/categoryAnalytics.ts, C:/Jarvis/AI Workspace/FibreFlow_React/src/services/suppliers/statistics/categoryAnalytics.ts, C:/Jarvis/AI Workspace/FibreFlow_React/src/services/suppliers/statistics/categoryAnalytics.ts, C:/Jarvis/AI Workspace/FibreFlow_React/src/services/suppliers/statistics/categoryAnalytics.ts, C:/Jarvis/AI Workspace/FibreFlow_React/src/services/suppliers/statistics/location/geographic-analyzer.ts, C:/Jarvis/AI Workspace/FibreFlow_React/src/services/suppliers/statistics/location/geographic-analyzer.ts, C:/Jarvis/AI Workspace/FibreFlow_React/src/services/suppliers/statistics/location/geographic-analyzer.ts, C:/Jarvis/AI Workspace/FibreFlow_React/src/services/suppliers/statistics/location/geographic-analyzer.ts, C:/Jarvis/AI Workspace/FibreFlow_React/src/services/suppliers/statistics/location/geographic-analyzer.ts, C:/Jarvis/AI Workspace/FibreFlow_React/src/services/suppliers/statistics/location/geographic-analyzer.ts, C:/Jarvis/AI Workspace/FibreFlow_React/src/services/suppliers/statistics/performance/analyzer-engine.ts, C:/Jarvis/AI Workspace/FibreFlow_React/src/services/suppliers/statistics/performance/analyzer-engine.ts, C:/Jarvis/AI Workspace/FibreFlow_React/src/services/suppliers/statistics/scorecard-generator/benchmark-analyzer.ts, C:/Jarvis/AI Workspace/FibreFlow_React/src/services/suppliers/statistics/scorecard-service/enhanced-generator.ts, C:/Jarvis/AI Workspace/FibreFlow_React/src/services/suppliers/statistics/scorecard-service/enhanced-generator.ts, C:/Jarvis/AI Workspace/FibreFlow_React/src/services/suppliers/statistics/scorecard/benchmarkCalculator.ts, C:/Jarvis/AI Workspace/FibreFlow_React/src/services/suppliers/statistics/scorecard/benchmarkCalculator.ts, C:/Jarvis/AI Workspace/FibreFlow_React/src/services/suppliers/statistics/scorecard/benchmarkCalculator.ts, C:/Jarvis/AI Workspace/FibreFlow_React/src/services/suppliers/statistics/scorecard/scorecardService.ts, C:/Jarvis/AI Workspace/FibreFlow_React/src/services/suppliers/statistics/scorecardAnalyzer/benchmarkCalculator.ts, C:/Jarvis/AI Workspace/FibreFlow_React/src/services/suppliers/statistics/scorecardGenerator.ts, C:/Jarvis/AI Workspace/FibreFlow_React/src/services/suppliers/statistics/scorecardGenerator.ts but also statically imported by C:/Jarvis/AI Workspace/FibreFlow_React/src/services/suppliers/rating/SupplierBenchmarkService.ts, C:/Jarvis/AI Workspace/FibreFlow_React/src/services/suppliers/rating/SupplierRatingService.ts, C:/Jarvis/AI Workspace/FibreFlow_React/src/services/suppliers/rating/SupplierStatisticsService.ts, C:/Jarvis/AI Workspace/FibreFlow_React/src/services/suppliers/rating/benchmark/benchmark-calculator.ts, C:/Jarvis/AI Workspace/FibreFlow_React/src/services/suppliers/rating/benchmark/comparison-engine.ts, C:/Jarvis/AI Workspace/FibreFlow_React/src/services/suppliers/rating/ratingManager.ts, C:/Jarvis/AI Workspace/FibreFlow_React/src/services/suppliers/supplierService.ts, dynamic import will not move module into another chunk.
[39m
[1m[33m[plugin:vite:reporter][39m[22m [33m
(!) C:/Jarvis/AI Workspace/FibreFlow_React/src/services/sow/processor/parser.ts is dynamically imported by C:/Jarvis/AI Workspace/FibreFlow_React/src/services/sow/processor/index.ts but also statically imported by C:/Jarvis/AI Workspace/FibreFlow_React/src/services/sow/processor/index.ts, C:/Jarvis/AI Workspace/FibreFlow_React/src/services/sow/processor/transformer.ts, dynamic import will not move module into another chunk.
[39m
[1m[33m[plugin:vite:reporter][39m[22m [33m
(!) C:/Jarvis/AI Workspace/FibreFlow_React/src/services/sow/summaryService.ts is dynamically imported by C:/Jarvis/AI Workspace/FibreFlow_React/src/services/neonSOWService.ts but also statically imported by C:/Jarvis/AI Workspace/FibreFlow_React/src/services/sow/dataOperations.ts, dynamic import will not move module into another chunk.
[39m
computing gzip size...
[2mdist/[22m[32mregisterSW.js                                  [39m[1m[2m  0.13 kB[22m[1m[22m
[2mdist/[22m[32mmanifest.webmanifest                           [39m[1m[2m  0.43 kB[22m[1m[22m
[2mdist/[22m[32mindex.html                                     [39m[1m[2m  1.59 kB[22m[1m[22m[2m │ gzip:   0.56 kB[22m
[2mdist/[22m[35massets/index-82a2c049.css                      [39m[1m[2m123.06 kB[22m[1m[22m[2m │ gzip:  18.03 kB[22m
[2mdist/[22m[36massets/ui-libs-b2105cdf.js                     [39m[1m[2m  0.08 kB[22m[1m[22m[2m │ gzip:   0.10 kB[22m[2m │ map:     0.10 kB[22m
[2mdist/[22m[36massets/ClientEditPage-141e9912.js              [39m[1m[2m  0.52 kB[22m[1m[22m[2m │ gzip:   0.33 kB[22m[2m │ map:     0.50 kB[22m
[2mdist/[22m[36massets/ClientCreatePage-cf29ce90.js            [39m[1m[2m  0.52 kB[22m[1m[22m[2m │ gzip:   0.32 kB[22m[2m │ map:     0.50 kB[22m
[2mdist/[22m[36massets/StaffEditPage-b7dfb6c3.js               [39m[1m[2m  0.70 kB[22m[1m[22m[2m │ gzip:   0.40 kB[22m[2m │ map:     0.50 kB[22m
[2mdist/[22m[36massets/StaffCreatePage-20e2ab9a.js             [39m[1m[2m  0.70 kB[22m[1m[22m[2m │ gzip:   0.40 kB[22m[2m │ map:     0.50 kB[22m
[2mdist/[22m[36massets/queries-1098f9fe.js                     [39m[1m[2m  0.76 kB[22m[1m[22m[2m │ gzip:   0.38 kB[22m[2m │ map:     3.72 kB[22m
[2mdist/[22m[36massets/mutations-09ec4767.js                   [39m[1m[2m  1.17 kB[22m[1m[22m[2m │ gzip:   0.40 kB[22m[2m │ map:     5.51 kB[22m
[2mdist/[22m[36massets/useClients-09af3261.js                  [39m[1m[2m  1.95 kB[22m[1m[22m[2m │ gzip:   0.76 kB[22m[2m │ map:     9.80 kB[22m
[2mdist/[22m[36massets/SOWDashboard-45ddc7e3.js                [39m[1m[2m  2.28 kB[22m[1m[22m[2m │ gzip:   0.87 kB[22m[2m │ map:     4.74 kB[22m
[2mdist/[22m[36massets/useProjects-b0aa218c.js                 [39m[1m[2m  2.30 kB[22m[1m[22m[2m │ gzip:   0.90 kB[22m[2m │ map:    12.30 kB[22m
[2mdist/[22m[36massets/OneMapDashboard-1328faf7.js             [39m[1m[2m  2.77 kB[22m[1m[22m[2m │ gzip:   0.90 kB[22m[2m │ map:     5.44 kB[22m
[2mdist/[22m[36massets/staff-hierarchy.types-d16de48a.js       [39m[1m[2m  2.93 kB[22m[1m[22m[2m │ gzip:   1.21 kB[22m[2m │ map:     8.62 kB[22m
[2mdist/[22m[36massets/KPIDashboard-d9c99371.js                [39m[1m[2m  3.03 kB[22m[1m[22m[2m │ gzip:   1.00 kB[22m[2m │ map:     5.90 kB[22m
[2mdist/[22m[36massets/DailyProgressDashboard-322a98b6.js      [39m[1m[2m  3.16 kB[22m[1m[22m[2m │ gzip:   1.10 kB[22m[2m │ map:     6.57 kB[22m
[2mdist/[22m[36massets/TasksDashboard-4b878454.js              [39m[1m[2m  3.31 kB[22m[1m[22m[2m │ gzip:   1.25 kB[22m[2m │ map:     7.21 kB[22m
[2mdist/[22m[36massets/NokiaEquipmentDashboard-099d33f4.js     [39m[1m[2m  3.56 kB[22m[1m[22m[2m │ gzip:   1.20 kB[22m[2m │ map:     7.63 kB[22m
[2mdist/[22m[36massets/ActionItemsDashboard-cd650e01.js        [39m[1m[2m  3.77 kB[22m[1m[22m[2m │ gzip:   1.02 kB[22m[2m │ map:     7.63 kB[22m
[2mdist/[22m[36massets/EnhancedKPIDashboard-076d1396.js        [39m[1m[2m  4.02 kB[22m[1m[22m[2m │ gzip:   1.47 kB[22m[2m │ map:     9.00 kB[22m
[2mdist/[22m[36massets/ReportsDashboard-a5ee17e1.js            [39m[1m[2m  4.44 kB[22m[1m[22m[2m │ gzip:   1.51 kB[22m[2m │ map:     9.78 kB[22m
[2mdist/[22m[36massets/VFThemeTest-2c4c7d61.js                 [39m[1m[2m  4.75 kB[22m[1m[22m[2m │ gzip:   1.31 kB[22m[2m │ map:     9.63 kB[22m
[2mdist/[22m[36massets/Settings-8ab88887.js                    [39m[1m[2m  5.18 kB[22m[1m[22m[2m │ gzip:   1.82 kB[22m[2m │ map:    11.82 kB[22m
[2mdist/[22m[36massets/StaffDetailPage-2ca75d37.js             [39m[1m[2m  8.70 kB[22m[1m[22m[2m │ gzip:   2.10 kB[22m[2m │ map:    19.31 kB[22m
[2mdist/[22m[36massets/AnalyticsDashboard-724dfe12.js          [39m[1m[2m  8.89 kB[22m[1m[22m[2m │ gzip:   2.31 kB[22m[2m │ map:    29.82 kB[22m
[2mdist/[22m[36massets/HomeInstallationsDashboard-6a75b1ab.js  [39m[1m[2m  9.33 kB[22m[1m[22m[2m │ gzip:   2.43 kB[22m[2m │ map:    24.30 kB[22m
[2mdist/[22m[36massets/StaffImport-e88574d8.js                 [39m[1m[2m  9.60 kB[22m[1m[22m[2m │ gzip:   3.00 kB[22m[2m │ map:    25.09 kB[22m
[2mdist/[22m[36massets/StaffSettings-ad80df99.js               [39m[1m[2m 11.07 kB[22m[1m[22m[2m │ gzip:   3.10 kB[22m[2m │ map:    29.35 kB[22m
[2mdist/[22m[36massets/Projects-4f2a4852.js                    [39m[1m[2m 12.48 kB[22m[1m[22m[2m │ gzip:   3.56 kB[22m[2m │ map:    36.64 kB[22m
[2mdist/[22m[36massets/SOWListPage-53dd517c.js                 [39m[1m[2m 12.73 kB[22m[1m[22m[2m │ gzip:   3.39 kB[22m[2m │ map:    32.24 kB[22m
[2mdist/[22m[36massets/CommunicationsDashboard-61de13d3.js     [39m[1m[2m 13.45 kB[22m[1m[22m[2m │ gzip:   3.00 kB[22m[2m │ map:    33.97 kB[22m
[2mdist/[22m[36massets/suppliers-module-a42be8f2.js            [39m[1m[2m 13.60 kB[22m[1m[22m[2m │ gzip:   3.75 kB[22m[2m │ map:    40.59 kB[22m
[2mdist/[22m[36massets/MeetingsDashboard-8f1f857a.js           [39m[1m[2m 15.17 kB[22m[1m[22m[2m │ gzip:   3.64 kB[22m[2m │ map:    39.24 kB[22m
[2mdist/[22m[36massets/StaffForm-63708585.js                   [39m[1m[2m 15.90 kB[22m[1m[22m[2m │ gzip:   3.28 kB[22m[2m │ map:    40.89 kB[22m
[2mdist/[22m[36massets/ClientDetailPage-f7eddea4.js            [39m[1m[2m 16.01 kB[22m[1m[22m[2m │ gzip:   3.34 kB[22m[2m │ map:    36.54 kB[22m
[2mdist/[22m[36massets/ClientForm-deff1166.js                  [39m[1m[2m 16.20 kB[22m[1m[22m[2m │ gzip:   2.92 kB[22m[2m │ map:    38.17 kB[22m
[2mdist/[22m[36massets/StaffPage-6834eb60.js                   [39m[1m[2m 20.02 kB[22m[1m[22m[2m │ gzip:   5.35 kB[22m[2m │ map:    51.06 kB[22m
[2mdist/[22m[36massets/ClientsPage-13cffb1c.js                 [39m[1m[2m 20.46 kB[22m[1m[22m[2m │ gzip:   5.10 kB[22m[2m │ map:    51.38 kB[22m
[2mdist/[22m[36massets/FieldAppPortal-f705a3b9.js              [39m[1m[2m 20.50 kB[22m[1m[22m[2m │ gzip:   4.99 kB[22m[2m │ map:    53.66 kB[22m
[2mdist/[22m[36massets/ProjectForm-0360fc0e.js                 [39m[1m[2m 20.72 kB[22m[1m[22m[2m │ gzip:   5.27 kB[22m[2m │ map:    60.98 kB[22m
[2mdist/[22m[36massets/icons-f5fc838b.js                       [39m[1m[2m 21.03 kB[22m[1m[22m[2m │ gzip:   7.04 kB[22m[2m │ map:    78.06 kB[22m
[2mdist/[22m[36massets/Dashboard-364e6ffc.js                   [39m[1m[2m 22.51 kB[22m[1m[22m[2m │ gzip:   5.82 kB[22m[2m │ map:    57.74 kB[22m
[2mdist/[22m[36massets/ProjectDetail-3a9046a9.js               [39m[1m[2m 28.14 kB[22m[1m[22m[2m │ gzip:   5.61 kB[22m[2m │ map:    71.52 kB[22m
[2mdist/[22m[36massets/query-caade2aa.js                       [39m[1m[2m 33.93 kB[22m[1m[22m[2m │ gzip:  10.10 kB[22m[2m │ map:   138.83 kB[22m
[2mdist/[22m[36massets/procurement-module-a176208f.js          [39m[1m[2m 36.72 kB[22m[1m[22m[2m │ gzip:   7.77 kB[22m[2m │ map:    92.38 kB[22m
[2mdist/[22m[36massets/index-219cbfb1.js                       [39m[1m[2m 92.85 kB[22m[1m[22m[2m │ gzip:  17.79 kB[22m[2m │ map:   209.71 kB[22m
[2mdist/[22m[36massets/projects-module-36ef3a5e.js             [39m[1m[2m158.48 kB[22m[1m[22m[2m │ gzip:  36.60 kB[22m[2m │ map:   514.12 kB[22m
[2mdist/[22m[36massets/contractors-module-88035871.js          [39m[1m[2m222.02 kB[22m[1m[22m[2m │ gzip:  46.12 kB[22m[2m │ map:   671.20 kB[22m
[2mdist/[22m[36massets/database-9f15feab.js                    [39m[1m[2m226.11 kB[22m[1m[22m[2m │ gzip:  67.19 kB[22m[2m │ map:   710.16 kB[22m
[2mdist/[22m[36massets/vendor-d32ef552.js                      [39m[1m[2m247.80 kB[22m[1m[22m[2m │ gzip:  82.44 kB[22m[2m │ map: 1,007.47 kB[22m
[2mdist/[22m[36massets/charts-f43db2d2.js                      [39m[1m[2m319.62 kB[22m[1m[22m[2m │ gzip:  95.31 kB[22m[2m │ map: 1,561.65 kB[22m
[2mdist/[22m[36massets/xlsx-bd7fd9c5.js                        [39m[1m[2m444.87 kB[22m[1m[22m[2m │ gzip: 149.12 kB[22m[2m │ map: 1,711.74 kB[22m
[2mdist/[22m[36massets/services-18aa1924.js                    [39m[1m[2m448.88 kB[22m[1m[22m[2m │ gzip: 110.13 kB[22m[2m │ map: 1,635.38 kB[22m
[2mdist/[22m[36massets/firebase-546a913f.js                    [39m[1m[33m599.32 kB[39m[22m[2m │ gzip: 143.56 kB[22m[2m │ map: 2,480.86 kB[22m
[33m
(!) Some chunks are larger than 500 kBs after minification. Consider:
- Using dynamic import() to code-split the application
- Use build.rollupOptions.output.manualChunks to improve chunking: https://rollupjs.org/configuration-options/#output-manualchunks
- Adjust chunk size limit for this warning via build.chunkSizeWarningLimit.[39m

PWA v1.0.3
mode      generateSW
precache  59 entries (3248.52 KiB)
files generated
  dist/sw.js.map
  dist/sw.js
  dist/workbox-b833909e.js.map
  dist/workbox-b833909e.js
[32m✓ built in 17.92s[39m
