{"level":"info","message":"[ContentPrioritizer] Initialized 3 prioritization strategies","timestamp":"2025-08-26 14:22:27.017"}
{"fusionAlgorithm":"rrf","learningToRank":true,"level":"info","message":"RankFusionEngine initialized","timestamp":"2025-08-26 14:22:27.066"}
{"level":"info","message":"[ContentPrioritizer] Initialized with ML-driven ranking","timestamp":"2025-08-26 14:22:27.020"}
{"level":"info","message":"[ContentPrioritizer] Cleaned up resources","timestamp":"2025-08-26 14:22:27.023"}
{"level":"info","message":"[ContentPrioritizer] Initialized 3 prioritization strategies","timestamp":"2025-08-26 14:22:27.024"}
{"level":"info","message":"[ContentPrioritizer] Initialized with ML-driven ranking","timestamp":"2025-08-26 14:22:27.025"}
{"level":"info","message":"[ContentPrioritizer] Cleaned up resources","timestamp":"2025-08-26 14:22:27.026"}
{"level":"info","message":"[ContentPrioritizer] Initialized 3 prioritization strategies","timestamp":"2025-08-26 14:22:27.027"}
{"level":"info","message":"[ContentPrioritizer] Initialized with ML-driven ranking","timestamp":"2025-08-26 14:22:27.028"}
{"level":"info","message":"[ContentPrioritizer] Initialized 3 prioritization strategies","timestamp":"2025-08-26 14:22:27.028"}
{"level":"info","message":"[ContentPrioritizer] Initialized with ML-driven ranking","timestamp":"2025-08-26 14:22:27.028"}
{"level":"info","message":"[ContentPrioritizer] Cleaned up resources","timestamp":"2025-08-26 14:22:27.030"}
{"level":"info","message":"[ContentPrioritizer] Cleaned up resources","timestamp":"2025-08-26 14:22:27.032"}
{"level":"info","message":"[ContentPrioritizer] Initialized 3 prioritization strategies","timestamp":"2025-08-26 14:22:27.036"}
{"level":"info","message":"[ContentPrioritizer] Initialized with ML-driven ranking","timestamp":"2025-08-26 14:22:27.036"}
{"level":"info","message":"[ContentPrioritizer] Prioritizing 10 content items","timestamp":"2025-08-26 14:22:27.038"}
{"level":"info","message":"[ContentPrioritizer] Prioritization completed in 3ms with 100.0% confidence","timestamp":"2025-08-26 14:22:27.042"}
{"level":"info","message":"[ContentPrioritizer] Cleaned up resources","timestamp":"2025-08-26 14:22:27.047"}
{"level":"info","message":"[ContentPrioritizer] Initialized 3 prioritization strategies","timestamp":"2025-08-26 14:22:27.048"}
{"level":"info","message":"[ContentPrioritizer] Initialized with ML-driven ranking","timestamp":"2025-08-26 14:22:27.048"}
{"level":"info","message":"[ContentPrioritizer] Prioritizing 0 content items","timestamp":"2025-08-26 14:22:27.048"}
{"level":"info","message":"[ContentPrioritizer] Prioritization completed in 0ms with 0.0% confidence","timestamp":"2025-08-26 14:22:27.050"}
{"level":"info","message":"[ContentPrioritizer] Cleaned up resources","timestamp":"2025-08-26 14:22:27.051"}
{"level":"info","message":"[ContentPrioritizer] Initialized 3 prioritization strategies","timestamp":"2025-08-26 14:22:27.051"}
{"level":"info","message":"[ContentPrioritizer] Initialized with ML-driven ranking","timestamp":"2025-08-26 14:22:27.051"}
{"level":"info","message":"[ContentPrioritizer] Prioritizing 1 content items","timestamp":"2025-08-26 14:22:27.052"}
{"level":"info","message":"[ContentPrioritizer] Prioritization completed in 0ms with 100.0% confidence","timestamp":"2025-08-26 14:22:27.052"}
{"level":"info","message":"[ContentPrioritizer] Cleaned up resources","timestamp":"2025-08-26 14:22:27.053"}
{"level":"info","message":"[ContentPrioritizer] Initialized 3 prioritization strategies","timestamp":"2025-08-26 14:22:27.053"}
{"level":"info","message":"[ContentPrioritizer] Initialized with ML-driven ranking","timestamp":"2025-08-26 14:22:27.053"}
{"level":"info","message":"[ContentPrioritizer] Prioritizing 3 content items","timestamp":"2025-08-26 14:22:27.054"}
{"level":"info","message":"[ContentPrioritizer] Prioritization completed in 0ms with 99.3% confidence","timestamp":"2025-08-26 14:22:27.055"}
{"level":"info","message":"[ContentPrioritizer] Cleaned up resources","timestamp":"2025-08-26 14:22:27.055"}
{"level":"info","message":"[ContentPrioritizer] Initialized 3 prioritization strategies","timestamp":"2025-08-26 14:22:27.056"}
{"level":"info","message":"[ContentPrioritizer] Initialized with ML-driven ranking","timestamp":"2025-08-26 14:22:27.056"}
{"level":"info","message":"[ContentPrioritizer] Prioritizing 4 content items","timestamp":"2025-08-26 14:22:27.056"}
{"level":"info","message":"[ContentPrioritizer] Prioritization completed in 1ms with 100.0% confidence","timestamp":"2025-08-26 14:22:27.057"}
{"level":"info","message":"[ContentPrioritizer] Cleaned up resources","timestamp":"2025-08-26 14:22:27.058"}
{"level":"info","message":"[ContentPrioritizer] Initialized 3 prioritization strategies","timestamp":"2025-08-26 14:22:27.059"}
{"level":"info","message":"[ContentPrioritizer] Initialized with ML-driven ranking","timestamp":"2025-08-26 14:22:27.059"}
{"level":"info","message":"[ContentPrioritizer] Prioritizing 2 content items","timestamp":"2025-08-26 14:22:27.060"}
{"level":"info","message":"[ContentPrioritizer] Prioritization completed in 0ms with 100.0% confidence","timestamp":"2025-08-26 14:22:27.060"}
{"level":"info","message":"[ContentPrioritizer] Cleaned up resources","timestamp":"2025-08-26 14:22:27.061"}
{"level":"info","message":"[ContentPrioritizer] Initialized 3 prioritization strategies","timestamp":"2025-08-26 14:22:27.061"}
{"level":"info","message":"[ContentPrioritizer] Initialized with ML-driven ranking","timestamp":"2025-08-26 14:22:27.062"}
{"level":"info","message":"[ContentPrioritizer] Prioritizing 1 content items","timestamp":"2025-08-26 14:22:27.062"}
{"level":"info","message":"[ContentPrioritizer] Prioritization completed in 0ms with 91.0% confidence","timestamp":"2025-08-26 14:22:27.063"}
{"level":"info","message":"[ContentPrioritizer] Cleaned up resources","timestamp":"2025-08-26 14:22:27.063"}
{"level":"info","message":"[ContentPrioritizer] Initialized 3 prioritization strategies","timestamp":"2025-08-26 14:22:27.064"}
{"level":"info","message":"[ContentPrioritizer] Initialized with ML-driven ranking","timestamp":"2025-08-26 14:22:27.064"}
{"level":"info","message":"[ContentPrioritizer] Prioritizing 1 content items","timestamp":"2025-08-26 14:22:27.064"}
{"level":"info","message":"[ContentPrioritizer] Prioritization completed in 1ms with 100.0% confidence","timestamp":"2025-08-26 14:22:27.065"}
{"level":"info","message":"[ContentPrioritizer] Cleaned up resources","timestamp":"2025-08-26 14:22:27.065"}
{"level":"info","message":"[ContentPrioritizer] Initialized 3 prioritization strategies","timestamp":"2025-08-26 14:22:27.066"}
{"level":"info","message":"[ContentPrioritizer] Initialized with ML-driven ranking","timestamp":"2025-08-26 14:22:27.066"}
{"level":"info","message":"[ContentPrioritizer] Prioritizing 1 content items","timestamp":"2025-08-26 14:22:27.069"}
{"level":"info","message":"[ContentPrioritizer] Prioritization completed in 4ms with 68.0% confidence","timestamp":"2025-08-26 14:22:27.073"}
{"level":"info","message":"[ContentPrioritizer] Cleaned up resources","timestamp":"2025-08-26 14:22:27.074"}
{"level":"info","message":"[ContentPrioritizer] Initialized 3 prioritization strategies","timestamp":"2025-08-26 14:22:27.075"}
{"level":"info","message":"[ContentPrioritizer] Initialized with ML-driven ranking","timestamp":"2025-08-26 14:22:27.075"}
{"level":"info","message":"[ContentPrioritizer] Prioritizing 2 content items","timestamp":"2025-08-26 14:22:27.075"}
{"level":"info","message":"[ContentPrioritizer] Prioritization completed in 1ms with 100.0% confidence","timestamp":"2025-08-26 14:22:27.076"}
{"level":"info","message":"[ContentPrioritizer] Cleaned up resources","timestamp":"2025-08-26 14:22:27.076"}
{"level":"info","message":"[ContentPrioritizer] Initialized 3 prioritization strategies","timestamp":"2025-08-26 14:22:27.077"}
{"level":"info","message":"[ContentPrioritizer] Initialized with ML-driven ranking","timestamp":"2025-08-26 14:22:27.077"}
{"level":"info","message":"[ContentPrioritizer] Prioritizing 1 content items","timestamp":"2025-08-26 14:22:27.077"}
{"level":"info","message":"[ContentPrioritizer] Prioritization completed in 1ms with 98.0% confidence","timestamp":"2025-08-26 14:22:27.078"}
{"level":"info","message":"[ContentPrioritizer] Cleaned up resources","timestamp":"2025-08-26 14:22:27.078"}
{"level":"info","message":"[ContentPrioritizer] Initialized 3 prioritization strategies","timestamp":"2025-08-26 14:22:27.080"}
{"level":"info","message":"[ContentPrioritizer] Initialized with ML-driven ranking","timestamp":"2025-08-26 14:22:27.080"}
{"level":"info","message":"[ContentPrioritizer] Prioritizing 5 content items","timestamp":"2025-08-26 14:22:27.081"}
{"level":"info","message":"[ContentPrioritizer] Prioritization completed in 0ms with 100.0% confidence","timestamp":"2025-08-26 14:22:27.082"}
{"level":"info","message":"[ContentPrioritizer] Cleaned up resources","timestamp":"2025-08-26 14:22:27.083"}
{"level":"info","message":"[ContentPrioritizer] Initialized 3 prioritization strategies","timestamp":"2025-08-26 14:22:27.083"}
{"level":"info","message":"[ContentPrioritizer] Initialized with ML-driven ranking","timestamp":"2025-08-26 14:22:27.084"}
{"level":"info","message":"[ContentPrioritizer] Prioritizing 10 content items","timestamp":"2025-08-26 14:22:27.084"}
{"level":"info","message":"[ContentPrioritizer] Prioritization completed in 1ms with 92.3% confidence","timestamp":"2025-08-26 14:22:27.086"}
{"level":"info","message":"[ContentPrioritizer] Cleaned up resources","timestamp":"2025-08-26 14:22:27.086"}
{"level":"info","message":"[ContentPrioritizer] Initialized 3 prioritization strategies","timestamp":"2025-08-26 14:22:27.088"}
{"level":"info","message":"[ContentPrioritizer] Initialized with ML-driven ranking","timestamp":"2025-08-26 14:22:27.089"}
{"level":"info","message":"[ContentPrioritizer] Prioritizing 20 content items","timestamp":"2025-08-26 14:22:27.094"}
{"level":"info","message":"[ContentPrioritizer] Prioritization completed in 2ms with 100.0% confidence","timestamp":"2025-08-26 14:22:27.095"}
{"level":"info","message":"[ContentPrioritizer] Cleaned up resources","timestamp":"2025-08-26 14:22:27.096"}
{"level":"info","message":"[ContentPrioritizer] Initialized 3 prioritization strategies","timestamp":"2025-08-26 14:22:27.096"}
{"level":"info","message":"[ContentPrioritizer] Initialized with ML-driven ranking","timestamp":"2025-08-26 14:22:27.096"}
{"level":"info","message":"[ContentPrioritizer] Prioritizing 100 content items","timestamp":"2025-08-26 14:22:27.097"}
{"level":"info","message":"[ContentPrioritizer] Prioritization completed in 13ms with 100.0% confidence","timestamp":"2025-08-26 14:22:27.110"}
{"level":"info","message":"[ContentPrioritizer] Cleaned up resources","timestamp":"2025-08-26 14:22:27.111"}
{"level":"info","message":"[ContentPrioritizer] Initialized 3 prioritization strategies","timestamp":"2025-08-26 14:22:27.111"}
{"level":"info","message":"[ContentPrioritizer] Initialized with ML-driven ranking","timestamp":"2025-08-26 14:22:27.111"}
{"level":"info","message":"[ContentPrioritizer] Prioritizing 5 content items","timestamp":"2025-08-26 14:22:27.112"}
{"level":"info","message":"[ContentPrioritizer] Prioritization completed in 1ms with 100.0% confidence","timestamp":"2025-08-26 14:22:27.113"}
{"level":"info","message":"[ContentPrioritizer] Learned from feedback, satisfaction:","timestamp":"2025-08-26 14:22:27.115"}
{"level":"info","message":"[ContentPrioritizer] Cleaned up resources","timestamp":"2025-08-26 14:22:27.116"}
{"level":"info","message":"[ContentPrioritizer] Initialized 3 prioritization strategies","timestamp":"2025-08-26 14:22:27.116"}
{"level":"info","message":"[ContentPrioritizer] Initialized with ML-driven ranking","timestamp":"2025-08-26 14:22:27.116"}
{"level":"info","message":"[ContentPrioritizer] Prioritizing 3 content items","timestamp":"2025-08-26 14:22:27.117"}
{"level":"info","message":"[ContentPrioritizer] Prioritization completed in 0ms with 100.0% confidence","timestamp":"2025-08-26 14:22:27.117"}
{"level":"info","message":"[ContentPrioritizer] Learned from feedback, satisfaction:","timestamp":"2025-08-26 14:22:27.117"}
{"level":"info","message":"[ContentPrioritizer] Cleaned up resources","timestamp":"2025-08-26 14:22:27.118"}
{"level":"info","message":"[ContentPrioritizer] Initialized 3 prioritization strategies","timestamp":"2025-08-26 14:22:27.118"}
{"level":"info","message":"[ContentPrioritizer] Initialized with ML-driven ranking","timestamp":"2025-08-26 14:22:27.118"}
{"level":"info","message":"[ContentPrioritizer] Prioritizing 3 content items","timestamp":"2025-08-26 14:22:27.119"}
{"level":"info","message":"[ContentPrioritizer] Prioritization completed in 0ms with 100.0% confidence","timestamp":"2025-08-26 14:22:27.119"}
{"level":"info","message":"[ContentPrioritizer] Learned from feedback, satisfaction:","timestamp":"2025-08-26 14:22:27.119"}
{"level":"info","message":"[ContentPrioritizer] Cleaned up resources","timestamp":"2025-08-26 14:22:27.120"}
{"level":"info","message":"[ContentPrioritizer] Initialized 3 prioritization strategies","timestamp":"2025-08-26 14:22:27.120"}
{"level":"info","message":"[ContentPrioritizer] Initialized with ML-driven ranking","timestamp":"2025-08-26 14:22:27.120"}
{"level":"info","message":"[ContentPrioritizer] Prioritizing 5 content items","timestamp":"2025-08-26 14:22:27.121"}
{"level":"info","message":"[ContentPrioritizer] Prioritization completed in 0ms with 100.0% confidence","timestamp":"2025-08-26 14:22:27.121"}
{"level":"info","message":"[ContentPrioritizer] Prioritizing 5 content items","timestamp":"2025-08-26 14:22:27.121"}
{"level":"info","message":"[ContentPrioritizer] Prioritization completed in 1ms with 100.0% confidence","timestamp":"2025-08-26 14:22:27.122"}
{"level":"info","message":"[ContentPrioritizer] Cleaned up resources","timestamp":"2025-08-26 14:22:27.123"}
{"level":"info","message":"[ContentPrioritizer] Initialized 3 prioritization strategies","timestamp":"2025-08-26 14:22:27.123"}
{"level":"info","message":"[ContentPrioritizer] Initialized with ML-driven ranking","timestamp":"2025-08-26 14:22:27.123"}
{"level":"info","message":"[ContentPrioritizer] Prioritizing 3 content items","timestamp":"2025-08-26 14:22:27.124"}
{"level":"info","message":"[ContentPrioritizer] Prioritization completed in 1ms with 100.0% confidence","timestamp":"2025-08-26 14:22:27.124"}
{"level":"info","message":"[ContentPrioritizer] Cleaned up resources","timestamp":"2025-08-26 14:22:27.124"}
{"level":"info","message":"[ContentPrioritizer] Initialized 3 prioritization strategies","timestamp":"2025-08-26 14:22:27.125"}
{"level":"info","message":"[ContentPrioritizer] Initialized with ML-driven ranking","timestamp":"2025-08-26 14:22:27.126"}
{"level":"info","message":"[ContentPrioritizer] Prioritizing 2 content items","timestamp":"2025-08-26 14:22:27.126"}
{"level":"error","message":"[ContentPrioritizer] Prioritization failed: Cannot read properties of undefined (reading 'length')","stack":"TypeError: Cannot read properties of undefined (reading 'length')\n    at ContentPrioritizer.calculateComplexity (C:\\Jarvis\\AI Workspace\\FibreFlow_React\\ForgeFlow-v2-FF2\\src\\intelligence\\content-prioritizer.ts:398:58)\n    at ContentPrioritizer.calculateFeatures (C:\\Jarvis\\AI Workspace\\FibreFlow_React\\ForgeFlow-v2-FF2\\src\\intelligence\\content-prioritizer.ts:342:39)\n    at ContentPrioritizer.prioritizeContent (C:\\Jarvis\\AI Workspace\\FibreFlow_React\\ForgeFlow-v2-FF2\\src\\intelligence\\content-prioritizer.ts:222:29)\n    at C:\\Jarvis\\AI Workspace\\FibreFlow_React\\ForgeFlow-v2-FF2\\src\\intelligence\\__tests__\\content-prioritizer.test.ts:552:24\n    at runTest (file:///C:/Jarvis/AI%20Workspace/FibreFlow_React/node_modules/@vitest/runner/dist/index.js:663:11)\n    at runSuite (file:///C:/Jarvis/AI%20Workspace/FibreFlow_React/node_modules/@vitest/runner/dist/index.js:782:15)\n    at runSuite (file:///C:/Jarvis/AI%20Workspace/FibreFlow_React/node_modules/@vitest/runner/dist/index.js:782:15)\n    at runSuite (file:///C:/Jarvis/AI%20Workspace/FibreFlow_React/node_modules/@vitest/runner/dist/index.js:782:15)\n    at runSuite (file:///C:/Jarvis/AI%20Workspace/FibreFlow_React/node_modules/@vitest/runner/dist/index.js:782:15)\n    at runFiles (file:///C:/Jarvis/AI%20Workspace/FibreFlow_React/node_modules/@vitest/runner/dist/index.js:834:5)","timestamp":"2025-08-26 14:22:27.139"}
{"level":"info","message":"[ContentPrioritizer] Cleaned up resources","timestamp":"2025-08-26 14:22:27.142"}
{"level":"info","message":"[ContentPrioritizer] Initialized 3 prioritization strategies","timestamp":"2025-08-26 14:22:27.143"}
{"level":"info","message":"[ContentPrioritizer] Initialized with ML-driven ranking","timestamp":"2025-08-26 14:22:27.143"}
{"level":"info","message":"[ContentPrioritizer] Prioritizing 1 content items","timestamp":"2025-08-26 14:22:27.143"}
{"level":"info","message":"[ContentPrioritizer] Prioritization completed in 1ms with 100.0% confidence","timestamp":"2025-08-26 14:22:27.144"}
{"level":"info","message":"[ContentPrioritizer] Cleaned up resources","timestamp":"2025-08-26 14:22:27.145"}
{"level":"info","message":"[ContentPrioritizer] Initialized 3 prioritization strategies","timestamp":"2025-08-26 14:22:27.145"}
{"level":"info","message":"[ContentPrioritizer] Initialized with ML-driven ranking","timestamp":"2025-08-26 14:22:27.145"}
{"level":"info","message":"[ContentPrioritizer] Prioritizing 1 content items","timestamp":"2025-08-26 14:22:27.147"}
{"level":"error","message":"[ContentPrioritizer] Prioritization failed: Test error","stack":"Error: Test error\n    at C:\\Jarvis\\AI Workspace\\FibreFlow_React\\ForgeFlow-v2-FF2\\src\\intelligence\\__tests__\\content-prioritizer.test.ts:578:11\n    at file:///C:/Jarvis/AI%20Workspace/FibreFlow_React/node_modules/@vitest/runner/dist/index.js:135:14\n    at file:///C:/Jarvis/AI%20Workspace/FibreFlow_React/node_modules/@vitest/runner/dist/index.js:58:26\n    at runTest (file:///C:/Jarvis/AI%20Workspace/FibreFlow_React/node_modules/@vitest/runner/dist/index.js:663:17)\n    at runSuite (file:///C:/Jarvis/AI%20Workspace/FibreFlow_React/node_modules/@vitest/runner/dist/index.js:782:15)\n    at runSuite (file:///C:/Jarvis/AI%20Workspace/FibreFlow_React/node_modules/@vitest/runner/dist/index.js:782:15)\n    at runSuite (file:///C:/Jarvis/AI%20Workspace/FibreFlow_React/node_modules/@vitest/runner/dist/index.js:782:15)\n    at runSuite (file:///C:/Jarvis/AI%20Workspace/FibreFlow_React/node_modules/@vitest/runner/dist/index.js:782:15)\n    at runFiles (file:///C:/Jarvis/AI%20Workspace/FibreFlow_React/node_modules/@vitest/runner/dist/index.js:834:5)\n    at startTests (file:///C:/Jarvis/AI%20Workspace/FibreFlow_React/node_modules/@vitest/runner/dist/index.js:843:3)","timestamp":"2025-08-26 14:22:27.149"}
{"level":"info","message":"[ContentPrioritizer] Cleaned up resources","timestamp":"2025-08-26 14:22:27.151"}
{"level":"info","message":"[ContentPrioritizer] Initialized 3 prioritization strategies","timestamp":"2025-08-26 14:22:27.155"}
{"level":"info","message":"[ContentPrioritizer] Initialized with ML-driven ranking","timestamp":"2025-08-26 14:22:27.155"}
{"level":"info","message":"[ContentPrioritizer] Prioritizing 5 content items","timestamp":"2025-08-26 14:22:27.156"}
{"level":"info","message":"[ContentPrioritizer] Prioritization completed in 1ms with 99.0% confidence","timestamp":"2025-08-26 14:22:27.157"}
{"level":"info","message":"[ContentPrioritizer] Cleaned up resources","timestamp":"2025-08-26 14:22:27.157"}
{"level":"info","message":"[ContentPrioritizer] Initialized 3 prioritization strategies","timestamp":"2025-08-26 14:22:27.158"}
{"level":"info","message":"[ContentPrioritizer] Initialized with ML-driven ranking","timestamp":"2025-08-26 14:22:27.158"}
{"level":"info","message":"[ContentPrioritizer] Prioritizing 2 content items","timestamp":"2025-08-26 14:22:27.158"}
{"level":"info","message":"[ContentPrioritizer] Prioritization completed in 1ms with 76.5% confidence","timestamp":"2025-08-26 14:22:27.159"}
{"level":"info","message":"[ContentPrioritizer] Cleaned up resources","timestamp":"2025-08-26 14:22:27.159"}
{"level":"info","message":"[ContentPrioritizer] Initialized 3 prioritization strategies","timestamp":"2025-08-26 14:22:27.160"}
{"level":"info","message":"[ContentPrioritizer] Initialized with ML-driven ranking","timestamp":"2025-08-26 14:22:27.160"}
{"level":"info","message":"[ContentPrioritizer] Prioritizing 1 content items","timestamp":"2025-08-26 14:22:27.160"}
{"level":"info","message":"[ContentPrioritizer] Prioritization completed in 0ms with 91.0% confidence","timestamp":"2025-08-26 14:22:27.160"}
{"level":"info","message":"[ContentPrioritizer] Cleaned up resources","timestamp":"2025-08-26 14:22:27.161"}
{"fusionAlgorithm":"rrf","learningToRank":true,"level":"info","message":"RankFusionEngine initialized","timestamp":"2025-08-26 14:22:27.073"}
{"fusionAlgorithm":"rrf","learningToRank":true,"level":"info","message":"RankFusionEngine initialized","timestamp":"2025-08-26 14:22:27.075"}
{"fusionAlgorithm":"rrf","learningToRank":true,"level":"info","message":"RankFusionEngine initialized","timestamp":"2025-08-26 14:22:27.087"}
{"fusionAlgorithm":"rrf","learningToRank":true,"level":"info","message":"RankFusionEngine initialized","timestamp":"2025-08-26 14:22:27.089"}
{"fusionAlgorithm":"rrf","learningToRank":true,"level":"info","message":"RankFusionEngine initialized","timestamp":"2025-08-26 14:22:27.096"}
{"fusionAlgorithm":"rrf","learningToRank":true,"level":"info","message":"RankFusionEngine initialized","timestamp":"2025-08-26 14:22:27.097"}
{"fusionAlgorithm":"rrf","learningToRank":true,"level":"info","message":"RankFusionEngine initialized","timestamp":"2025-08-26 14:22:27.098"}
{"fusionAlgorithm":"rrf","learningToRank":true,"level":"info","message":"RankFusionEngine initialized","timestamp":"2025-08-26 14:22:27.099"}
{"fusionAlgorithm":"rrf","learningToRank":true,"level":"info","message":"RankFusionEngine initialized","timestamp":"2025-08-26 14:22:27.102"}
{"fusionAlgorithm":"rrf","learningToRank":true,"level":"info","message":"RankFusionEngine initialized","timestamp":"2025-08-26 14:22:27.103"}
{"fusionAlgorithm":"rrf","learningToRank":true,"level":"info","message":"RankFusionEngine initialized","timestamp":"2025-08-26 14:22:27.104"}
{"fusionAlgorithm":"rrf","learningToRank":true,"level":"info","message":"RankFusionEngine initialized","timestamp":"2025-08-26 14:22:27.105"}
{"fusionAlgorithm":"rrf","learningToRank":true,"level":"info","message":"RankFusionEngine initialized","timestamp":"2025-08-26 14:22:27.106"}
{"fusionAlgorithm":"rrf","learningToRank":true,"level":"info","message":"RankFusionEngine initialized","timestamp":"2025-08-26 14:22:27.108"}
{"fusionAlgorithm":"rrf","learningToRank":true,"level":"info","message":"RankFusionEngine initialized","timestamp":"2025-08-26 14:22:27.108"}
{"fusionAlgorithm":"rrf","learningToRank":true,"level":"info","message":"RankFusionEngine initialized","timestamp":"2025-08-26 14:22:27.109"}
{"fusionAlgorithm":"rrf","learningToRank":true,"level":"info","message":"RankFusionEngine initialized","timestamp":"2025-08-26 14:22:27.110"}
{"fusionAlgorithm":"rrf","learningToRank":true,"level":"info","message":"RankFusionEngine initialized","timestamp":"2025-08-26 14:22:27.110"}
{"level":"error","message":"Weighted fusion failed Weights array length must match ranked lists length","stack":"Error: Weights array length must match ranked lists length\n    at RankFusionEngine.weightedFusion (C:\\Jarvis\\AI Workspace\\FibreFlow_React\\ForgeFlow-v2-FF2\\src\\retrieval\\rank-fusion.ts:149:15)\n    at C:\\Jarvis\\AI Workspace\\FibreFlow_React\\ForgeFlow-v2-FF2\\src\\retrieval\\__tests__\\rank-fusion.test.ts:407:33\n    at Proxy.assertThrows (C:\\Jarvis\\AI Workspace\\FibreFlow_React\\node_modules\\chai\\lib\\chai\\core\\assertions.js:2644:7)\n    at Proxy.methodWrapper (C:\\Jarvis\\AI Workspace\\FibreFlow_React\\node_modules\\chai\\lib\\chai\\utils\\addMethod.js:57:25)\n    at Proxy.<anonymous> (file:///C:/Jarvis/AI%20Workspace/FibreFlow_React/node_modules/@vitest/expect/dist/index.js:702:16)\n    at Proxy.overwritingMethodWrapper (C:\\Jarvis\\AI Workspace\\FibreFlow_React\\node_modules\\chai\\lib\\chai\\utils\\overwriteMethod.js:78:33)\n    at Proxy.<anonymous> (file:///C:/Jarvis/AI%20Workspace/FibreFlow_React/node_modules/@vitest/expect/dist/index.js:1117:19)\n    at Proxy.<anonymous> (file:///C:/Jarvis/AI%20Workspace/FibreFlow_React/node_modules/@vitest/expect/dist/index.js:653:17)\n    at Proxy.methodWrapper (C:\\Jarvis\\AI Workspace\\FibreFlow_React\\node_modules\\chai\\lib\\chai\\utils\\addMethod.js:57:25)\n    at C:\\Jarvis\\AI Workspace\\FibreFlow_React\\ForgeFlow-v2-FF2\\src\\retrieval\\__tests__\\rank-fusion.test.ts:407:88","timestamp":"2025-08-26 14:22:27.135"}
{"fusionAlgorithm":"rrf","learningToRank":true,"level":"info","message":"RankFusionEngine initialized","timestamp":"2025-08-26 14:22:27.144"}
{"fusionAlgorithm":"rrf","learningToRank":true,"level":"info","message":"RankFusionEngine initialized","timestamp":"2025-08-26 14:22:27.145"}
{"fusionAlgorithm":"rrf","learningToRank":true,"level":"info","message":"RankFusionEngine initialized","timestamp":"2025-08-26 14:22:27.148"}
{"accuracy":0.85,"features":22,"level":"info","message":"Ranking model updated","modelVersion":"1.0.0","timestamp":"2025-08-26 14:22:27.154"}
{"fusionAlgorithm":"rrf","learningToRank":true,"level":"info","message":"RankFusionEngine initialized","timestamp":"2025-08-26 14:22:27.156"}
{"fusionAlgorithm":"rrf","learningToRank":true,"level":"info","message":"RankFusionEngine initialized","timestamp":"2025-08-26 14:22:27.158"}
{"fusionAlgorithm":"rrf","learningToRank":true,"level":"info","message":"RankFusionEngine initialized","timestamp":"2025-08-26 14:22:27.159"}
{"fusionAlgorithm":"rrf","learningToRank":true,"level":"info","message":"RankFusionEngine initialized","timestamp":"2025-08-26 14:22:27.161"}
{"fusionAlgorithm":"rrf","learningToRank":true,"level":"info","message":"RankFusionEngine initialized","timestamp":"2025-08-26 14:22:27.162"}
{"fusionAlgorithm":"borda","learningToRank":true,"level":"info","message":"RankFusionEngine initialized","timestamp":"2025-08-26 14:22:27.163"}
{"fusionAlgorithm":"rrf","learningToRank":true,"level":"info","message":"RankFusionEngine initialized","timestamp":"2025-08-26 14:22:27.164"}
{"fusionAlgorithm":"weighted","learningToRank":true,"level":"info","message":"RankFusionEngine initialized","timestamp":"2025-08-26 14:22:27.164"}
{"fusionAlgorithm":"rrf","learningToRank":true,"level":"info","message":"RankFusionEngine initialized","timestamp":"2025-08-26 14:22:27.167"}
{"fusionAlgorithm":"ltr","learningToRank":true,"level":"info","message":"RankFusionEngine initialized","timestamp":"2025-08-26 14:22:27.168"}
{"fusionAlgorithm":"rrf","learningToRank":true,"level":"info","message":"RankFusionEngine initialized","timestamp":"2025-08-26 14:22:27.168"}
{"fusionAlgorithm":"rrf","learningToRank":true,"level":"info","message":"RankFusionEngine initialized","timestamp":"2025-08-26 14:22:27.169"}
{"fusionAlgorithm":"rrf","learningToRank":true,"level":"info","message":"RankFusionEngine initialized","timestamp":"2025-08-26 14:22:27.170"}
{"accuracy":0.85,"features":3,"level":"info","message":"Ranking model updated","modelVersion":"1.0.0","timestamp":"2025-08-26 14:22:27.171"}
{"fusionAlgorithm":"rrf","learningToRank":true,"level":"info","message":"RankFusionEngine initialized","timestamp":"2025-08-26 14:22:27.171"}
{"fusionAlgorithm":"rrf","learningToRank":true,"level":"info","message":"RankFusionEngine initialized","timestamp":"2025-08-26 14:22:27.172"}
{"fusionAlgorithm":"rrf","learningToRank":true,"level":"info","message":"RankFusionEngine initialized","timestamp":"2025-08-26 14:22:27.173"}
{"fusionAlgorithm":"rrf","learningToRank":true,"level":"info","message":"RankFusionEngine initialized","timestamp":"2025-08-26 14:22:27.174"}
{"fusionAlgorithm":"rrf","learningToRank":true,"level":"info","message":"RankFusionEngine initialized","timestamp":"2025-08-26 14:22:27.177"}
{"fusionAlgorithm":"rrf","learningToRank":true,"level":"info","message":"RankFusionEngine initialized","timestamp":"2025-08-26 14:22:27.179"}
{"fusionAlgorithm":"rrf","learningToRank":true,"level":"info","message":"RankFusionEngine initialized","timestamp":"2025-08-26 14:22:27.181"}
{"fusionAlgorithm":"rrf","learningToRank":true,"level":"info","message":"RankFusionEngine initialized","timestamp":"2025-08-26 14:22:27.182"}
{"fusionAlgorithm":"rrf","learningToRank":true,"level":"info","message":"RankFusionEngine initialized","timestamp":"2025-08-26 14:22:27.183"}
{"accuracy":0,"features":0,"level":"info","message":"Ranking model updated","modelVersion":"1.0.0","timestamp":"2025-08-26 14:22:27.184"}
{"level":"error","message":"Learning-to-Rank failed __vite_ssr_import_1__.logger.warn is not a function","stack":"TypeError: __vite_ssr_import_1__.logger.warn is not a function\n    at RankFusionEngine.learningToRank (C:\\Jarvis\\AI Workspace\\FibreFlow_React\\ForgeFlow-v2-FF2\\src\\retrieval\\rank-fusion.ts:230:16)\n    at C:\\Jarvis\\AI Workspace\\FibreFlow_React\\ForgeFlow-v2-FF2\\src\\retrieval\\__tests__\\rank-fusion.test.ts:899:42\n    at file:///C:/Jarvis/AI%20Workspace/FibreFlow_React/node_modules/@vitest/runner/dist/index.js:135:14\n    at file:///C:/Jarvis/AI%20Workspace/FibreFlow_React/node_modules/@vitest/runner/dist/index.js:58:26\n    at runTest (file:///C:/Jarvis/AI%20Workspace/FibreFlow_React/node_modules/@vitest/runner/dist/index.js:663:17)\n    at runSuite (file:///C:/Jarvis/AI%20Workspace/FibreFlow_React/node_modules/@vitest/runner/dist/index.js:782:15)\n    at runSuite (file:///C:/Jarvis/AI%20Workspace/FibreFlow_React/node_modules/@vitest/runner/dist/index.js:782:15)\n    at runSuite (file:///C:/Jarvis/AI%20Workspace/FibreFlow_React/node_modules/@vitest/runner/dist/index.js:782:15)\n    at runFiles (file:///C:/Jarvis/AI%20Workspace/FibreFlow_React/node_modules/@vitest/runner/dist/index.js:834:5)\n    at startTests (file:///C:/Jarvis/AI%20Workspace/FibreFlow_React/node_modules/@vitest/runner/dist/index.js:843:3)","timestamp":"2025-08-26 14:22:27.185"}
{"fusionAlgorithm":"rrf","learningToRank":true,"level":"info","message":"RankFusionEngine initialized","timestamp":"2025-08-26 14:22:27.185"}
{"fusionAlgorithm":"rrf","learningToRank":true,"level":"info","message":"RankFusionEngine initialized","timestamp":"2025-08-26 14:22:27.190"}
{"level":"info","message":"Initialized job memory: job-test-issue-123-1756213291333-i59pnz for issue test-issue-123","timestamp":"2025-08-26 15:01:31.370"}
{"code":"ENOTDIR","errno":-4052,"level":"error","message":"Failed to initialize job memory for job-test-issue-123-1756213291315-jjt87y: ENOTDIR: not a directory, mkdir 'C:\\Jarvis\\AI Workspace\\FibreFlow_React\\.ff2-test-memory-analytics'","path":"C:\\Jarvis\\AI Workspace\\FibreFlow_React\\.ff2-test-memory-analytics","stack":"Error: ENOTDIR: not a directory, mkdir 'C:\\Jarvis\\AI Workspace\\FibreFlow_React\\.ff2-test-memory-analytics'\n    at Object.mkdir (node:internal/fs/promises:861:10)\n    at async Promise.all (index 1)\n    at JobMemoryManager.ensureJobDirectoryStructure (C:\\Jarvis\\AI Workspace\\FibreFlow_React\\ForgeFlow-v2-FF2\\src\\memory\\job-memory.ts:625:5)\n    at JobMemoryManager.initializeJobMemory (C:\\Jarvis\\AI Workspace\\FibreFlow_React\\ForgeFlow-v2-FF2\\src\\memory\\job-memory.ts:79:7)\n    at C:\\Jarvis\\AI Workspace\\FibreFlow_React\\ForgeFlow-v2-FF2\\tests\\unit\\memory\\memory-analytics.test.ts:75:17\n    at async Promise.all (index 0)\n    at callSuiteHook (file:///C:/Jarvis/AI%20Workspace/FibreFlow_React/node_modules/@vitest/runner/dist/index.js:582:23)\n    at runTest (file:///C:/Jarvis/AI%20Workspace/FibreFlow_React/node_modules/@vitest/runner/dist/index.js:656:30)\n    at runSuite (file:///C:/Jarvis/AI%20Workspace/FibreFlow_React/node_modules/@vitest/runner/dist/index.js:782:15)\n    at runSuite (file:///C:/Jarvis/AI%20Workspace/FibreFlow_React/node_modules/@vitest/runner/dist/index.js:782:15)","syscall":"mkdir","timestamp":"2025-08-26 15:01:31.374"}
{"level":"info","message":"Initialized job memory: job-test-issue-123-1756213291465-oj0vsj for issue test-issue-123","timestamp":"2025-08-26 15:01:31.481"}
{"level":"info","message":"Initialized job memory: job-test-issue-123-1756213291494-74nb3v for issue test-issue-123","timestamp":"2025-08-26 15:01:31.515"}
{"level":"info","message":"Initialized job memory: job-test-issue-123-1756213291492-kynbe0 for issue test-issue-123","timestamp":"2025-08-26 15:01:31.521"}
{"code":"ENOENT","dest":"C:\\Jarvis\\AI Workspace\\FibreFlow_React\\.ff2-test-memory-analytics\\issues\\test\\memory.json","errno":-4058,"level":"error","message":"Failed to initialize job memory for job-test-issue-123-1756213291603-xplhkp: ENOENT: no such file or directory, rename 'C:\\Jarvis\\AI Workspace\\FibreFlow_React\\.ff2-test-memory-analytics\\issues\\test\\memory.json.tmp' -> 'C:\\Jarvis\\AI Workspace\\FibreFlow_React\\.ff2-test-memory-analytics\\issues\\test\\memory.json'","path":"C:\\Jarvis\\AI Workspace\\FibreFlow_React\\.ff2-test-memory-analytics\\issues\\test\\memory.json.tmp","stack":"Error: ENOENT: no such file or directory, rename 'C:\\Jarvis\\AI Workspace\\FibreFlow_React\\.ff2-test-memory-analytics\\issues\\test\\memory.json.tmp' -> 'C:\\Jarvis\\AI Workspace\\FibreFlow_React\\.ff2-test-memory-analytics\\issues\\test\\memory.json'\n    at Object.rename (node:internal/fs/promises:787:10)\n    at JobMemoryManager.saveJobMemory (C:\\Jarvis\\AI Workspace\\FibreFlow_React\\ForgeFlow-v2-FF2\\src\\memory\\job-memory.ts:609:7)\n    at JobMemoryManager.initializeJobMemory (C:\\Jarvis\\AI Workspace\\FibreFlow_React\\ForgeFlow-v2-FF2\\src\\memory\\job-memory.ts:82:7)\n    at C:\\Jarvis\\AI Workspace\\FibreFlow_React\\ForgeFlow-v2-FF2\\tests\\unit\\memory\\memory-analytics.test.ts:75:17\n    at async Promise.all (index 0)\n    at callSuiteHook (file:///C:/Jarvis/AI%20Workspace/FibreFlow_React/node_modules/@vitest/runner/dist/index.js:582:23)\n    at runTest (file:///C:/Jarvis/AI%20Workspace/FibreFlow_React/node_modules/@vitest/runner/dist/index.js:656:30)\n    at runSuite (file:///C:/Jarvis/AI%20Workspace/FibreFlow_React/node_modules/@vitest/runner/dist/index.js:782:15)\n    at runSuite (file:///C:/Jarvis/AI%20Workspace/FibreFlow_React/node_modules/@vitest/runner/dist/index.js:782:15)\n    at runSuite (file:///C:/Jarvis/AI%20Workspace/FibreFlow_React/node_modules/@vitest/runner/dist/index.js:782:15)","syscall":"rename","timestamp":"2025-08-26 15:01:31.621"}
{"level":"info","message":"Initialized job memory: job-test-issue-123-1756213291603-g9bg0p for issue test-issue-123","timestamp":"2025-08-26 15:01:31.621"}
{"code":"ENOENT","errno":-4058,"level":"error","message":"Failed to get global job log: ENOENT: no such file or directory, open 'C:\\Jarvis\\AI Workspace\\FibreFlow_React\\.ff2-test-memory-analytics\\jobs.ndjson'","path":"C:\\Jarvis\\AI Workspace\\FibreFlow_React\\.ff2-test-memory-analytics\\jobs.ndjson","stack":"Error: ENOENT: no such file or directory, open 'C:\\Jarvis\\AI Workspace\\FibreFlow_React\\.ff2-test-memory-analytics\\jobs.ndjson'\n    at open (node:internal/fs/promises:642:25)\n    at Object.readFile (node:internal/fs/promises:1279:14)\n    at JobMemoryManager.getGlobalJobLog (C:\\Jarvis\\AI Workspace\\FibreFlow_React\\ForgeFlow-v2-FF2\\.ff2-worktrees\\issue-20\\src\\memory\\job-memory.ts:479:20)\n    at JobMemoryManager.updateGlobalJobEntry (C:\\Jarvis\\AI Workspace\\FibreFlow_React\\ForgeFlow-v2-FF2\\.ff2-worktrees\\issue-20\\src\\memory\\job-memory.ts:648:25)\n    at C:\\Jarvis\\AI Workspace\\FibreFlow_React\\ForgeFlow-v2-FF2\\.ff2-worktrees\\issue-20\\src\\memory\\job-memory.ts:244:7\n    at JobMemoryManager.withLock (C:\\Jarvis\\AI Workspace\\FibreFlow_React\\ForgeFlow-v2-FF2\\.ff2-worktrees\\issue-20\\src\\memory\\job-memory.ts:591:22)\n    at C:\\Jarvis\\AI Workspace\\FibreFlow_React\\ForgeFlow-v2-FF2\\.ff2-worktrees\\issue-20\\tests\\unit\\memory\\memory-analytics.test.ts:78:7\n    at async Promise.all (index 0)\n    at callSuiteHook (file:///C:/Jarvis/AI%20Workspace/FibreFlow_React/node_modules/@vitest/runner/dist/index.js:582:23)\n    at runTest (file:///C:/Jarvis/AI%20Workspace/FibreFlow_React/node_modules/@vitest/runner/dist/index.js:656:30)","syscall":"open","timestamp":"2025-08-26 15:01:31.635"}
{"level":"error","message":"Failed to update global job entry for job-test-issue-123-1756213291603-g9bg0p: Failed to get global job log: ENOENT: no such file or directory, open 'C:\\Jarvis\\AI Workspace\\FibreFlow_React\\.ff2-test-memory-analytics\\jobs.ndjson'","stack":"Error: Failed to get global job log: ENOENT: no such file or directory, open 'C:\\Jarvis\\AI Workspace\\FibreFlow_React\\.ff2-test-memory-analytics\\jobs.ndjson'\n    at JobMemoryManager.getGlobalJobLog (C:\\Jarvis\\AI Workspace\\FibreFlow_React\\ForgeFlow-v2-FF2\\.ff2-worktrees\\issue-20\\src\\memory\\job-memory.ts:488:13)\n    at JobMemoryManager.updateGlobalJobEntry (C:\\Jarvis\\AI Workspace\\FibreFlow_React\\ForgeFlow-v2-FF2\\.ff2-worktrees\\issue-20\\src\\memory\\job-memory.ts:648:25)\n    at C:\\Jarvis\\AI Workspace\\FibreFlow_React\\ForgeFlow-v2-FF2\\.ff2-worktrees\\issue-20\\src\\memory\\job-memory.ts:244:7\n    at JobMemoryManager.withLock (C:\\Jarvis\\AI Workspace\\FibreFlow_React\\ForgeFlow-v2-FF2\\.ff2-worktrees\\issue-20\\src\\memory\\job-memory.ts:591:22)\n    at C:\\Jarvis\\AI Workspace\\FibreFlow_React\\ForgeFlow-v2-FF2\\.ff2-worktrees\\issue-20\\tests\\unit\\memory\\memory-analytics.test.ts:78:7\n    at async Promise.all (index 0)\n    at callSuiteHook (file:///C:/Jarvis/AI%20Workspace/FibreFlow_React/node_modules/@vitest/runner/dist/index.js:582:23)\n    at runTest (file:///C:/Jarvis/AI%20Workspace/FibreFlow_React/node_modules/@vitest/runner/dist/index.js:656:30)\n    at runSuite (file:///C:/Jarvis/AI%20Workspace/FibreFlow_React/node_modules/@vitest/runner/dist/index.js:782:15)\n    at runSuite (file:///C:/Jarvis/AI%20Workspace/FibreFlow_React/node_modules/@vitest/runner/dist/index.js:782:15)","timestamp":"2025-08-26 15:01:31.636"}
{"level":"info","message":"Initialized job memory: job-test-issue-123-1756213291651-kf6i0t for issue test-issue-123","timestamp":"2025-08-26 15:01:31.679"}
{"level":"info","message":"Initialized job memory: job-test-issue-123-1756213291712-0plxgu for issue test-issue-123","timestamp":"2025-08-26 15:01:31.724"}
{"level":"info","message":"Initialized job memory: job-test-issue-123-1756213291755-2hzkr7 for issue test-issue-123","timestamp":"2025-08-26 15:01:31.775"}
{"level":"info","message":"Initialized job memory: job-success-issue-0-1756213291755-yipu8a for issue success-issue-0","timestamp":"2025-08-26 15:01:31.789"}
{"level":"info","message":"Completed job memory: job-success-issue-0-1756213291755-yipu8a (completed) in 1 minutes","timestamp":"2025-08-26 15:01:31.833"}
{"level":"info","message":"Initialized job memory: job-empty-job-1756213291820-7zkn9e for issue empty-job","timestamp":"2025-08-26 15:01:31.837"}
{"level":"info","message":"Initialized job memory: job-success-issue-1-1756213291840-ah3xz3 for issue success-issue-1","timestamp":"2025-08-26 15:01:31.859"}
{"level":"info","message":"Completed job memory: job-success-issue-1-1756213291840-ah3xz3 (completed) in 1 minutes","timestamp":"2025-08-26 15:01:31.901"}
{"level":"info","message":"Initialized job memory: job-success-issue-2-1756213291903-wi1v0o for issue success-issue-2","timestamp":"2025-08-26 15:01:31.917"}
{"level":"info","message":"Initialized job memory: job-success-issue-0-1756213291912-icobbc for issue success-issue-0","timestamp":"2025-08-26 15:01:31.919"}
