{"level":"info","message":"Registered custom retry strategy","name":"fibonacci","timestamp":"2025-08-27T03:02:24.025Z"}
{"level":"info","message":"Registered custom retry strategy","name":"adaptive","timestamp":"2025-08-27T03:02:24.025Z"}
{"actions":["git-cleanup","github-rate-limit-wait","network-connectivity-check","file-permission-recovery","agent-state-reset","service-health-check"],"count":6,"level":"info","message":"Registered built-in recovery actions","timestamp":"2025-08-27T03:02:24.025Z"}
{"level":"info","message":"Registered custom retry strategy","name":"fibonacci","timestamp":"2025-08-27T03:02:24.025Z"}
{"level":"info","message":"Registered custom retry strategy","name":"adaptive","timestamp":"2025-08-27T03:02:24.025Z"}
{"actions":["git-cleanup","github-rate-limit-wait","network-connectivity-check","file-permission-recovery","agent-state-reset","service-health-check"],"count":6,"level":"info","message":"Registered built-in recovery actions","timestamp":"2025-08-27T03:02:24.025Z"}
{"configPath":"C:\\Jarvis\\AI Workspace\\FibreFlow_React\\ForgeFlow-v2-FF2\\config\\failure-policies.yaml","level":"info","message":"Loaded failure policies successfully","policiesCount":13,"timestamp":"2025-08-27T03:02:24.025Z"}
{"level":"info","message":"Registered custom retry strategy","name":"fibonacci","timestamp":"2025-08-27T03:02:28.383Z"}
{"level":"info","message":"Registered custom retry strategy","name":"adaptive","timestamp":"2025-08-27T03:02:28.383Z"}
{"actions":["git-cleanup","github-rate-limit-wait","network-connectivity-check","file-permission-recovery","agent-state-reset","service-health-check"],"count":6,"level":"info","message":"Registered built-in recovery actions","timestamp":"2025-08-27T03:02:28.383Z"}
{"level":"info","message":"Registered custom retry strategy","name":"fibonacci","timestamp":"2025-08-27T03:02:28.383Z"}
{"level":"info","message":"Registered custom retry strategy","name":"adaptive","timestamp":"2025-08-27T03:02:28.383Z"}
{"actions":["git-cleanup","github-rate-limit-wait","network-connectivity-check","file-permission-recovery","agent-state-reset","service-health-check"],"count":6,"level":"info","message":"Registered built-in recovery actions","timestamp":"2025-08-27T03:02:28.383Z"}
{"configPath":"C:\\Jarvis\\AI Workspace\\FibreFlow_React\\ForgeFlow-v2-FF2\\.ff2-worktrees\\issue-20\\config\\failure-policies.yaml","level":"info","message":"Loaded failure policies successfully","policiesCount":13,"timestamp":"2025-08-27T03:02:28.383Z"}
{"level":"info","message":"Registered custom retry strategy","name":"fibonacci","timestamp":"2025-08-27T03:05:44.763Z"}
{"level":"info","message":"Registered custom retry strategy","name":"adaptive","timestamp":"2025-08-27T03:05:44.763Z"}
{"category":"warning","context":{"error":"Cannot read properties of undefined (reading 'loadPolicies')"},"level":"warn","message":"Failed to load failure policies, using defaults","severity":"low","source":"unknown","tags":[],"timestamp":"2025-08-27T03:05:44.763Z"}
{"actions":["git-cleanup","github-rate-limit-wait","network-connectivity-check","file-permission-recovery","agent-state-reset","service-health-check"],"count":6,"level":"info","message":"Registered built-in recovery actions","timestamp":"2025-08-27T03:05:44.763Z"}
{"category":"warning","context":{"error":"Cannot read properties of undefined (reading 'loadPolicies')"},"level":"warn","message":"Failed to load failure policies, using defaults","severity":"low","source":"unknown","tags":[],"timestamp":"2025-08-27T03:05:44.763Z"}
{"category":"warning","context":{"error":"Cannot read properties of undefined (reading 'loadPolicies')"},"level":"warn","message":"Failed to load failure policies, using defaults","severity":"low","source":"unknown","tags":[],"timestamp":"2025-08-27T03:05:44.763Z"}
{"level":"info","message":"Registered custom retry strategy","name":"fibonacci","timestamp":"2025-08-27T03:05:44.763Z"}
{"level":"info","message":"Registered custom retry strategy","name":"adaptive","timestamp":"2025-08-27T03:05:44.763Z"}
{"actions":["git-cleanup","github-rate-limit-wait","network-connectivity-check","file-permission-recovery","agent-state-reset","service-health-check"],"count":6,"level":"info","message":"Registered built-in recovery actions","timestamp":"2025-08-27T03:05:44.763Z"}
{"configPath":"C:\\Jarvis\\AI Workspace\\FibreFlow_React\\ForgeFlow-v2-FF2\\.ff2-worktrees\\issue-20\\config\\failure-policies.yaml","level":"info","message":"Loaded failure policies successfully","policiesCount":13,"timestamp":"2025-08-27T03:05:44.763Z"}
{"level":"info","message":"Registered custom retry strategy","name":"fibonacci","timestamp":"2025-08-27T03:05:50.559Z"}
{"level":"info","message":"Registered custom retry strategy","name":"adaptive","timestamp":"2025-08-27T03:05:50.559Z"}
{"actions":["git-cleanup","github-rate-limit-wait","network-connectivity-check","file-permission-recovery","agent-state-reset","service-health-check"],"count":6,"level":"info","message":"Registered built-in recovery actions","timestamp":"2025-08-27T03:05:50.559Z"}
{"level":"info","message":"Registered custom retry strategy","name":"fibonacci","timestamp":"2025-08-27T03:05:50.559Z"}
{"level":"info","message":"Registered custom retry strategy","name":"adaptive","timestamp":"2025-08-27T03:05:50.559Z"}
{"actions":["git-cleanup","github-rate-limit-wait","network-connectivity-check","file-permission-recovery","agent-state-reset","service-health-check"],"count":6,"level":"info","message":"Registered built-in recovery actions","timestamp":"2025-08-27T03:05:50.559Z"}
{"configPath":"C:\\Jarvis\\AI Workspace\\FibreFlow_React\\ForgeFlow-v2-FF2\\config\\failure-policies.yaml","level":"info","message":"Loaded failure policies successfully","policiesCount":13,"timestamp":"2025-08-27T03:05:50.559Z"}
{"level":"info","message":"Registered custom retry strategy","name":"fibonacci","timestamp":"2025-08-27T03:14:44.570Z"}
{"level":"info","message":"Registered custom retry strategy","name":"fibonacci","timestamp":"2025-08-27T03:14:44.626Z"}
{"level":"info","message":"Registered custom retry strategy","name":"adaptive","timestamp":"2025-08-27T03:14:44.626Z"}
{"level":"info","message":"Registered custom retry strategy","name":"adaptive","timestamp":"2025-08-27T03:14:44.570Z"}
{"actions":["git-cleanup","github-rate-limit-wait","network-connectivity-check","file-permission-recovery","agent-state-reset","service-health-check"],"count":6,"level":"info","message":"Registered built-in recovery actions","timestamp":"2025-08-27T03:14:44.626Z"}
{"actions":["git-cleanup","github-rate-limit-wait","network-connectivity-check","file-permission-recovery","agent-state-reset","service-health-check"],"count":6,"level":"info","message":"Registered built-in recovery actions","timestamp":"2025-08-27T03:14:44.570Z"}
{"level":"info","message":"Registered custom retry strategy","name":"fibonacci","timestamp":"2025-08-27T03:14:44.626Z"}
{"level":"info","message":"Registered custom retry strategy","name":"adaptive","timestamp":"2025-08-27T03:14:44.626Z"}
{"actions":["git-cleanup","github-rate-limit-wait","network-connectivity-check","file-permission-recovery","agent-state-reset","service-health-check"],"count":6,"level":"info","message":"Registered built-in recovery actions","timestamp":"2025-08-27T03:14:44.626Z"}
{"configPath":"C:\\Jarvis\\AI Workspace\\FibreFlow_React\\ForgeFlow-v2-FF2\\config\\failure-policies.yaml","level":"info","message":"Loaded failure policies successfully","policiesCount":13,"timestamp":"2025-08-27T03:14:44.626Z"}
{"level":"info","message":"Registered custom retry strategy","name":"fibonacci","timestamp":"2025-08-27T03:14:44.570Z"}
{"level":"info","message":"Registered custom retry strategy","name":"adaptive","timestamp":"2025-08-27T03:14:44.570Z"}
{"actions":["git-cleanup","github-rate-limit-wait","network-connectivity-check","file-permission-recovery","agent-state-reset","service-health-check"],"count":6,"level":"info","message":"Registered built-in recovery actions","timestamp":"2025-08-27T03:14:44.570Z"}
{"configPath":"C:\\Jarvis\\AI Workspace\\FibreFlow_React\\ForgeFlow-v2-FF2\\.ff2-worktrees\\issue-20\\config\\failure-policies.yaml","level":"info","message":"Loaded failure policies successfully","policiesCount":13,"timestamp":"2025-08-27T03:14:44.570Z"}
